2024-04-30 11:12:21 LogWapper init() ./logs/Bot.log
2024-04-30 11:12:22 Bot started with
{'AUD_USD': {'pair': 'AUD_USD', 'units': 1000, 'short_ma': 2, 'long_ma': 8},
 'EUR_GBP': {'pair': 'EUR_GBP', 'units': 1000, 'short_ma': 2, 'long_ma': 8},
 'EUR_USD': {'pair': 'EUR_USD', 'units': 1000, 'short_ma': 2, 'long_ma': 8},
 'GBP_USD': {'pair': 'GBP_USD', 'units': 1000, 'short_ma': 2, 'long_ma': 8},
 'USD_CAD': {'pair': 'USD_CAD', 'units': 1000, 'short_ma': 2, 'long_ma': 8},
 'USD_CHF': {'pair': 'USD_CHF', 'units': 1000, 'short_ma': 2, 'long_ma': 8},
 'USD_HKD': {'pair': 'USD_HKD', 'units': 1000, 'short_ma': 2, 'long_ma': 8},
 'USD_JPY': {'pair': 'USD_JPY', 'units': 1000, 'short_ma': 2, 'long_ma': 8}}
2024-04-30 11:12:22 Bot Timings
{'AUD_USD': {'last_candle': Timestamp('2024-04-30 15:11:00+0000', tz='tzutc()'), 'ready': False},
 'EUR_GBP': {'last_candle': Timestamp('2024-04-30 15:11:00+0000', tz='tzutc()'), 'ready': False},
 'EUR_USD': {'last_candle': Timestamp('2024-04-30 15:11:00+0000', tz='tzutc()'), 'ready': False},
 'GBP_USD': {'last_candle': Timestamp('2024-04-30 15:11:00+0000', tz='tzutc()'), 'ready': False},
 'USD_CAD': {'last_candle': Timestamp('2024-04-30 15:11:00+0000', tz='tzutc()'), 'ready': False},
 'USD_CHF': {'last_candle': Timestamp('2024-04-30 15:11:00+0000', tz='tzutc()'), 'ready': False},
 'USD_HKD': {'last_candle': Timestamp('2024-04-30 15:11:00+0000', tz='tzutc()'), 'ready': False},
 'USD_JPY': {'last_candle': Timestamp('2024-04-30 15:11:00+0000', tz='tzutc()'), 'ready': False}}
2024-04-30 11:13:22 EUR_USD new candle 2024-04-30 15:12:00+00:00
2024-04-30 11:13:23 AUD_USD new candle 2024-04-30 15:12:00+00:00
2024-04-30 11:13:23 GBP_USD new candle 2024-04-30 15:12:00+00:00
2024-04-30 11:13:23 USD_CAD new candle 2024-04-30 15:12:00+00:00
2024-04-30 11:13:23 USD_JPY new candle 2024-04-30 15:12:00+00:00
2024-04-30 11:13:23 USD_CHF new candle 2024-04-30 15:12:00+00:00
2024-04-30 11:13:23 USD_HKD new candle 2024-04-30 15:12:00+00:00
2024-04-30 11:13:23 EUR_GBP new candle 2024-04-30 15:12:00+00:00
2024-04-30 11:13:23 Ready to trade EUR_USD
2024-04-30 11:13:23 Ready to trade AUD_USD
2024-04-30 11:13:23 Ready to trade GBP_USD
2024-04-30 11:13:23 Ready to trade USD_CAD
2024-04-30 11:13:24 Ready to trade USD_JPY
2024-04-30 11:13:24 Ready to trade USD_CHF
2024-04-30 11:13:24 Ready to trade USD_HKD
2024-04-30 11:13:24 Ready to trade EUR_GBP
2024-04-30 11:14:24 EUR_USD new candle 2024-04-30 15:13:00+00:00
2024-04-30 11:14:25 AUD_USD new candle 2024-04-30 15:13:00+00:00
2024-04-30 11:14:25 GBP_USD new candle 2024-04-30 15:13:00+00:00
2024-04-30 11:14:25 USD_CAD new candle 2024-04-30 15:13:00+00:00
2024-04-30 11:14:25 USD_JPY new candle 2024-04-30 15:13:00+00:00
2024-04-30 11:14:25 USD_CHF new candle 2024-04-30 15:13:00+00:00
2024-04-30 11:14:25 USD_HKD new candle 2024-04-30 15:13:00+00:00
2024-04-30 11:14:25 EUR_GBP new candle 2024-04-30 15:13:00+00:00
2024-04-30 11:14:25 Ready to trade EUR_USD
2024-04-30 11:14:25 Ready to trade AUD_USD
2024-04-30 11:14:25 Ready to trade GBP_USD
2024-04-30 11:14:25 Ready to trade USD_CAD
2024-04-30 11:14:25 Ready to trade USD_JPY
2024-04-30 11:14:26 Ready to trade USD_CHF
2024-04-30 11:14:26 Ready to trade USD_HKD
2024-04-30 11:14:26 Ready to trade EUR_GBP
2024-04-30 11:15:26 EUR_USD new candle 2024-04-30 15:14:00+00:00
2024-04-30 11:15:27 AUD_USD new candle 2024-04-30 15:14:00+00:00
2024-04-30 11:15:27 GBP_USD new candle 2024-04-30 15:14:00+00:00
2024-04-30 11:15:27 USD_CAD new candle 2024-04-30 15:14:00+00:00
2024-04-30 11:15:27 USD_JPY new candle 2024-04-30 15:14:00+00:00
2024-04-30 11:15:27 USD_CHF new candle 2024-04-30 15:14:00+00:00
2024-04-30 11:15:27 USD_HKD new candle 2024-04-30 15:14:00+00:00
2024-04-30 11:15:27 EUR_GBP new candle 2024-04-30 15:14:00+00:00
2024-04-30 11:15:27 Ready to trade EUR_USD
2024-04-30 11:15:27 Ready to trade AUD_USD
2024-04-30 11:15:27 Ready to trade GBP_USD
2024-04-30 11:15:27 Ready to trade USD_CAD
2024-04-30 11:15:27 Ready to trade USD_JPY
2024-04-30 11:15:27 Ready to trade USD_CHF
2024-04-30 11:15:27 Ready to trade USD_HKD
2024-04-30 11:15:28 Ready to trade EUR_GBP
2024-04-30 11:16:28 EUR_USD new candle 2024-04-30 15:15:00+00:00
2024-04-30 11:16:28 AUD_USD new candle 2024-04-30 15:15:00+00:00
2024-04-30 11:16:28 GBP_USD new candle 2024-04-30 15:15:00+00:00
2024-04-30 11:16:28 USD_CAD new candle 2024-04-30 15:15:00+00:00
2024-04-30 11:16:29 USD_JPY new candle 2024-04-30 15:15:00+00:00
2024-04-30 11:16:29 USD_CHF new candle 2024-04-30 15:15:00+00:00
2024-04-30 11:16:29 USD_HKD new candle 2024-04-30 15:15:00+00:00
2024-04-30 11:16:29 EUR_GBP new candle 2024-04-30 15:15:00+00:00
2024-04-30 11:16:29 Ready to trade EUR_USD
2024-04-30 11:16:29 Ready to trade AUD_USD
2024-04-30 11:16:29 Ready to trade GBP_USD
2024-04-30 11:16:29 Ready to trade USD_CAD
2024-04-30 11:16:29 Ready to trade USD_JPY
2024-04-30 11:16:29 Ready to trade USD_CHF
2024-04-30 11:16:29 Ready to trade USD_HKD
2024-04-30 11:16:29 Ready to trade EUR_GBP
2024-04-30 11:17:30 EUR_USD new candle 2024-04-30 15:16:00+00:00
2024-04-30 11:17:30 AUD_USD new candle 2024-04-30 15:16:00+00:00
2024-04-30 11:17:30 GBP_USD new candle 2024-04-30 15:16:00+00:00
2024-04-30 11:17:30 USD_CAD new candle 2024-04-30 15:16:00+00:00
2024-04-30 11:17:30 USD_JPY new candle 2024-04-30 15:16:00+00:00
2024-04-30 11:17:30 USD_CHF new candle 2024-04-30 15:16:00+00:00
2024-04-30 11:17:30 USD_HKD new candle 2024-04-30 15:16:00+00:00
2024-04-30 11:17:30 EUR_GBP new candle 2024-04-30 15:16:00+00:00
2024-04-30 11:17:30 Ready to trade EUR_USD
2024-04-30 11:17:31 Ready to trade AUD_USD
2024-04-30 11:17:31 Ready to trade GBP_USD
2024-04-30 11:17:31 Ready to trade USD_CAD
2024-04-30 11:17:31 Ready to trade USD_JPY
2024-04-30 11:17:31 Ready to trade USD_CHF
2024-04-30 11:17:31 Ready to trade USD_HKD
2024-04-30 11:17:31 Ready to trade EUR_GBP
2024-04-30 11:18:32 EUR_USD new candle 2024-04-30 15:17:00+00:00
2024-04-30 11:18:32 AUD_USD new candle 2024-04-30 15:17:00+00:00
2024-04-30 11:18:32 GBP_USD new candle 2024-04-30 15:17:00+00:00
2024-04-30 11:18:32 USD_CAD new candle 2024-04-30 15:17:00+00:00
2024-04-30 11:18:32 USD_JPY new candle 2024-04-30 15:17:00+00:00
2024-04-30 11:18:32 USD_CHF new candle 2024-04-30 15:17:00+00:00
2024-04-30 11:18:32 USD_HKD new candle 2024-04-30 15:17:00+00:00
2024-04-30 11:18:32 EUR_GBP new candle 2024-04-30 15:17:00+00:00
2024-04-30 11:18:32 Ready to trade EUR_USD
2024-04-30 11:18:32 Ready to trade AUD_USD
2024-04-30 11:18:32 Ready to trade GBP_USD
2024-04-30 11:18:32 Ready to trade USD_CAD
2024-04-30 11:18:32 Ready to trade USD_JPY
2024-04-30 11:18:32 Ready to trade USD_CHF
2024-04-30 11:18:33 Ready to trade USD_HKD
2024-04-30 11:18:33 Ready to trade EUR_GBP
2024-04-30 11:19:33 EUR_USD new candle 2024-04-30 15:18:00+00:00
2024-04-30 11:19:33 AUD_USD new candle 2024-04-30 15:18:00+00:00
2024-04-30 11:19:33 GBP_USD new candle 2024-04-30 15:18:00+00:00
2024-04-30 11:19:33 USD_CAD new candle 2024-04-30 15:18:00+00:00
2024-04-30 11:19:33 USD_JPY new candle 2024-04-30 15:18:00+00:00
2024-04-30 11:19:33 USD_CHF new candle 2024-04-30 15:18:00+00:00
2024-04-30 11:19:33 USD_HKD new candle 2024-04-30 15:18:00+00:00
2024-04-30 11:19:34 EUR_GBP new candle 2024-04-30 15:18:00+00:00
2024-04-30 11:19:34 Ready to trade EUR_USD
2024-04-30 11:19:34 Ready to trade AUD_USD
2024-04-30 11:19:34 Ready to trade GBP_USD
2024-04-30 11:19:34 Ready to trade USD_CAD
2024-04-30 11:19:34 Ready to trade USD_JPY
2024-04-30 11:19:34 Ready to trade USD_CHF
2024-04-30 11:19:34 Ready to trade USD_HKD
2024-04-30 11:19:34 Ready to trade EUR_GBP
2024-04-30 11:20:35 EUR_USD new candle 2024-04-30 15:19:00+00:00
2024-04-30 11:20:35 AUD_USD new candle 2024-04-30 15:19:00+00:00
2024-04-30 11:20:35 GBP_USD new candle 2024-04-30 15:19:00+00:00
2024-04-30 11:20:35 USD_CAD new candle 2024-04-30 15:19:00+00:00
2024-04-30 11:20:35 USD_JPY new candle 2024-04-30 15:19:00+00:00
2024-04-30 11:20:35 USD_CHF new candle 2024-04-30 15:19:00+00:00
2024-04-30 11:20:35 USD_HKD new candle 2024-04-30 15:19:00+00:00
2024-04-30 11:20:35 EUR_GBP new candle 2024-04-30 15:19:00+00:00
2024-04-30 11:20:35 Ready to trade EUR_USD
2024-04-30 11:20:35 Ready to trade AUD_USD
2024-04-30 11:20:35 Ready to trade GBP_USD
2024-04-30 11:20:35 Ready to trade USD_CAD
2024-04-30 11:20:36 Ready to trade USD_JPY
2024-04-30 11:20:36 Ready to trade USD_CHF
2024-04-30 11:20:36 Ready to trade USD_HKD
2024-04-30 11:20:36 Ready to trade EUR_GBP
2024-04-30 11:21:36 EUR_USD new candle 2024-04-30 15:20:00+00:00
2024-04-30 11:21:36 AUD_USD new candle 2024-04-30 15:20:00+00:00
2024-04-30 11:21:36 GBP_USD new candle 2024-04-30 15:20:00+00:00
2024-04-30 11:21:36 USD_CAD new candle 2024-04-30 15:20:00+00:00
2024-04-30 11:21:36 USD_JPY new candle 2024-04-30 15:20:00+00:00
2024-04-30 11:21:36 USD_CHF new candle 2024-04-30 15:20:00+00:00
2024-04-30 11:21:36 USD_HKD new candle 2024-04-30 15:20:00+00:00
2024-04-30 11:21:37 EUR_GBP new candle 2024-04-30 15:20:00+00:00
2024-04-30 11:21:37 Ready to trade EUR_USD
2024-04-30 11:21:37 Ready to trade AUD_USD
2024-04-30 11:21:37 Ready to trade GBP_USD
2024-04-30 11:21:37 Ready to trade USD_CAD
2024-04-30 11:21:37 Ready to trade USD_JPY
2024-04-30 11:21:37 Ready to trade USD_CHF
2024-04-30 11:21:37 Ready to trade USD_HKD
2024-04-30 11:21:37 Ready to trade EUR_GBP
2024-04-30 11:22:37 EUR_USD new candle 2024-04-30 15:21:00+00:00
2024-04-30 11:22:38 AUD_USD new candle 2024-04-30 15:21:00+00:00
2024-04-30 11:22:38 GBP_USD new candle 2024-04-30 15:21:00+00:00
2024-04-30 11:22:38 USD_CAD new candle 2024-04-30 15:21:00+00:00
2024-04-30 11:22:38 USD_JPY new candle 2024-04-30 15:21:00+00:00
2024-04-30 11:22:38 USD_CHF new candle 2024-04-30 15:21:00+00:00
2024-04-30 11:22:38 USD_HKD new candle 2024-04-30 15:21:00+00:00
2024-04-30 11:22:38 EUR_GBP new candle 2024-04-30 15:21:00+00:00
2024-04-30 11:22:38 Ready to trade EUR_USD
2024-04-30 11:22:38 Ready to trade AUD_USD
2024-04-30 11:22:38 Ready to trade GBP_USD
2024-04-30 11:22:38 Ready to trade USD_CAD
2024-04-30 11:22:38 Ready to trade USD_JPY
2024-04-30 11:22:39 Ready to trade USD_CHF
2024-04-30 11:22:39 Ready to trade USD_HKD
2024-04-30 11:22:39 Ready to trade EUR_GBP
2024-04-30 11:23:39 EUR_USD new candle 2024-04-30 15:22:00+00:00
2024-04-30 11:23:39 AUD_USD new candle 2024-04-30 15:22:00+00:00
2024-04-30 11:23:39 GBP_USD new candle 2024-04-30 15:22:00+00:00
2024-04-30 11:23:40 USD_CAD new candle 2024-04-30 15:22:00+00:00
2024-04-30 11:23:40 USD_JPY new candle 2024-04-30 15:22:00+00:00
2024-04-30 11:23:40 USD_CHF new candle 2024-04-30 15:22:00+00:00
2024-04-30 11:23:40 USD_HKD new candle 2024-04-30 15:22:00+00:00
2024-04-30 11:23:40 EUR_GBP new candle 2024-04-30 15:22:00+00:00
2024-04-30 11:23:40 Ready to trade EUR_USD
2024-04-30 11:23:40 Ready to trade AUD_USD
2024-04-30 11:23:40 Ready to trade GBP_USD
2024-04-30 11:23:40 Ready to trade USD_CAD
2024-04-30 11:23:40 Ready to trade USD_JPY
2024-04-30 11:23:40 Ready to trade USD_CHF
2024-04-30 11:23:40 Ready to trade USD_HKD
2024-04-30 11:23:41 Ready to trade EUR_GBP
2024-04-30 11:24:41 EUR_USD new candle 2024-04-30 15:23:00+00:00
2024-04-30 11:24:41 AUD_USD new candle 2024-04-30 15:23:00+00:00
2024-04-30 11:24:41 GBP_USD new candle 2024-04-30 15:23:00+00:00
2024-04-30 11:24:41 USD_CAD new candle 2024-04-30 15:23:00+00:00
2024-04-30 11:24:41 USD_JPY new candle 2024-04-30 15:23:00+00:00
2024-04-30 11:24:41 USD_CHF new candle 2024-04-30 15:23:00+00:00
2024-04-30 11:24:41 USD_HKD new candle 2024-04-30 15:23:00+00:00
2024-04-30 11:24:41 EUR_GBP new candle 2024-04-30 15:23:00+00:00
2024-04-30 11:24:41 Ready to trade EUR_USD
2024-04-30 11:24:41 Ready to trade AUD_USD
2024-04-30 11:24:41 Ready to trade GBP_USD
2024-04-30 11:24:42 Ready to trade USD_CAD
2024-04-30 11:24:42 Ready to trade USD_JPY
2024-04-30 11:24:42 Ready to trade USD_CHF
2024-04-30 11:24:42 Ready to trade USD_HKD
2024-04-30 11:24:42 Ready to trade EUR_GBP
2024-04-30 11:25:43 EUR_USD new candle 2024-04-30 15:24:00+00:00
2024-04-30 11:25:43 AUD_USD new candle 2024-04-30 15:24:00+00:00
2024-04-30 11:25:43 GBP_USD new candle 2024-04-30 15:24:00+00:00
2024-04-30 11:25:43 USD_CAD new candle 2024-04-30 15:24:00+00:00
2024-04-30 11:25:43 USD_JPY new candle 2024-04-30 15:24:00+00:00
2024-04-30 11:25:43 USD_CHF new candle 2024-04-30 15:24:00+00:00
2024-04-30 11:25:43 USD_HKD new candle 2024-04-30 15:24:00+00:00
2024-04-30 11:25:43 EUR_GBP new candle 2024-04-30 15:24:00+00:00
2024-04-30 11:25:43 Ready to trade EUR_USD
2024-04-30 11:25:43 Ready to trade AUD_USD
2024-04-30 11:25:43 Ready to trade GBP_USD
2024-04-30 11:25:44 Ready to trade USD_CAD
2024-04-30 11:25:44 Ready to trade USD_JPY
2024-04-30 11:25:44 Ready to trade USD_CHF
2024-04-30 11:25:44 Ready to trade USD_HKD
2024-04-30 11:25:44 Ready to trade EUR_GBP
2024-04-30 11:26:45 EUR_USD new candle 2024-04-30 15:25:00+00:00
2024-04-30 11:26:45 AUD_USD new candle 2024-04-30 15:25:00+00:00
2024-04-30 11:26:45 GBP_USD new candle 2024-04-30 15:25:00+00:00
2024-04-30 11:26:45 USD_CAD new candle 2024-04-30 15:25:00+00:00
2024-04-30 11:26:45 USD_JPY new candle 2024-04-30 15:25:00+00:00
2024-04-30 11:26:45 USD_CHF new candle 2024-04-30 15:25:00+00:00
2024-04-30 11:26:45 USD_HKD new candle 2024-04-30 15:25:00+00:00
2024-04-30 11:26:45 EUR_GBP new candle 2024-04-30 15:25:00+00:00
2024-04-30 11:26:45 Ready to trade EUR_USD
2024-04-30 11:26:45 Ready to trade AUD_USD
2024-04-30 11:26:45 Ready to trade GBP_USD
2024-04-30 11:26:45 Ready to trade USD_CAD
2024-04-30 11:26:45 Ready to trade USD_JPY
2024-04-30 11:26:46 Ready to trade USD_CHF
2024-04-30 11:26:46 Ready to trade USD_HKD
2024-04-30 11:26:46 Ready to trade EUR_GBP
2024-04-30 11:27:46 EUR_USD new candle 2024-04-30 15:26:00+00:00
2024-04-30 11:27:46 AUD_USD new candle 2024-04-30 15:26:00+00:00
2024-04-30 11:27:46 GBP_USD new candle 2024-04-30 15:26:00+00:00
2024-04-30 11:27:47 USD_CAD new candle 2024-04-30 15:26:00+00:00
2024-04-30 11:27:47 USD_JPY new candle 2024-04-30 15:26:00+00:00
2024-04-30 11:27:47 USD_CHF new candle 2024-04-30 15:26:00+00:00
2024-04-30 11:27:47 USD_HKD new candle 2024-04-30 15:26:00+00:00
2024-04-30 11:27:47 EUR_GBP new candle 2024-04-30 15:26:00+00:00
2024-04-30 11:27:47 Ready to trade EUR_USD
2024-04-30 11:27:47 Ready to trade AUD_USD
2024-04-30 11:27:47 Ready to trade GBP_USD
2024-04-30 11:27:47 Ready to trade USD_CAD
2024-04-30 11:27:47 Ready to trade USD_JPY
2024-04-30 11:27:47 Ready to trade USD_CHF
2024-04-30 11:27:47 Ready to trade USD_HKD
2024-04-30 11:27:47 Ready to trade EUR_GBP
2024-04-30 11:28:48 EUR_USD new candle 2024-04-30 15:27:00+00:00
2024-04-30 11:28:48 AUD_USD new candle 2024-04-30 15:27:00+00:00
2024-04-30 11:28:48 GBP_USD new candle 2024-04-30 15:27:00+00:00
2024-04-30 11:28:48 USD_CAD new candle 2024-04-30 15:27:00+00:00
2024-04-30 11:28:48 USD_JPY new candle 2024-04-30 15:27:00+00:00
2024-04-30 11:28:48 USD_CHF new candle 2024-04-30 15:27:00+00:00
2024-04-30 11:28:48 USD_HKD new candle 2024-04-30 15:27:00+00:00
2024-04-30 11:28:48 EUR_GBP new candle 2024-04-30 15:27:00+00:00
2024-04-30 11:28:48 Ready to trade EUR_USD
2024-04-30 11:28:49 Ready to trade AUD_USD
2024-04-30 11:28:49 Ready to trade GBP_USD
2024-04-30 11:28:49 Ready to trade USD_CAD
2024-04-30 11:28:49 Ready to trade USD_JPY
2024-04-30 11:28:49 Ready to trade USD_CHF
2024-04-30 11:28:49 Ready to trade USD_HKD
2024-04-30 11:28:49 Ready to trade EUR_GBP
2024-04-30 11:29:50 EUR_USD new candle 2024-04-30 15:28:00+00:00
2024-04-30 11:29:50 AUD_USD new candle 2024-04-30 15:28:00+00:00
2024-04-30 11:29:50 GBP_USD new candle 2024-04-30 15:28:00+00:00
2024-04-30 11:29:50 USD_CAD new candle 2024-04-30 15:28:00+00:00
2024-04-30 11:29:50 USD_JPY new candle 2024-04-30 15:28:00+00:00
2024-04-30 11:29:50 USD_CHF new candle 2024-04-30 15:28:00+00:00
2024-04-30 11:29:50 USD_HKD new candle 2024-04-30 15:28:00+00:00
2024-04-30 11:29:50 EUR_GBP new candle 2024-04-30 15:28:00+00:00
2024-04-30 11:29:50 Ready to trade EUR_USD
2024-04-30 11:29:50 Ready to trade AUD_USD
2024-04-30 11:29:50 Ready to trade GBP_USD
2024-04-30 11:29:51 Ready to trade USD_CAD
2024-04-30 11:29:51 Ready to trade USD_JPY
2024-04-30 11:29:51 Ready to trade USD_CHF
2024-04-30 11:29:51 Ready to trade USD_HKD
2024-04-30 11:29:51 Ready to trade EUR_GBP
2024-04-30 11:30:51 EUR_USD new candle 2024-04-30 15:29:00+00:00
2024-04-30 11:30:51 AUD_USD new candle 2024-04-30 15:29:00+00:00
2024-04-30 11:30:51 GBP_USD new candle 2024-04-30 15:29:00+00:00
2024-04-30 11:30:51 USD_CAD new candle 2024-04-30 15:29:00+00:00
2024-04-30 11:30:51 USD_JPY new candle 2024-04-30 15:29:00+00:00
2024-04-30 11:30:52 USD_CHF new candle 2024-04-30 15:29:00+00:00
2024-04-30 11:30:52 USD_HKD new candle 2024-04-30 15:29:00+00:00
2024-04-30 11:30:52 EUR_GBP new candle 2024-04-30 15:29:00+00:00
2024-04-30 11:30:52 Ready to trade EUR_USD
2024-04-30 11:30:52 Ready to trade AUD_USD
2024-04-30 11:30:52 Ready to trade GBP_USD
2024-04-30 11:30:52 Ready to trade USD_CAD
2024-04-30 11:30:52 Ready to trade USD_JPY
2024-04-30 11:30:52 Ready to trade USD_CHF
2024-04-30 11:30:52 Ready to trade USD_HKD
2024-04-30 11:30:52 Ready to trade EUR_GBP
2024-04-30 11:31:53 EUR_USD new candle 2024-04-30 15:30:00+00:00
2024-04-30 11:31:53 AUD_USD new candle 2024-04-30 15:30:00+00:00
2024-04-30 11:31:53 GBP_USD new candle 2024-04-30 15:30:00+00:00
2024-04-30 11:31:53 USD_CAD new candle 2024-04-30 15:30:00+00:00
2024-04-30 11:31:53 USD_JPY new candle 2024-04-30 15:30:00+00:00
2024-04-30 11:31:53 USD_CHF new candle 2024-04-30 15:30:00+00:00
2024-04-30 11:31:53 USD_HKD new candle 2024-04-30 15:30:00+00:00
2024-04-30 11:31:53 EUR_GBP new candle 2024-04-30 15:30:00+00:00
2024-04-30 11:31:53 Ready to trade EUR_USD
2024-04-30 11:31:53 Ready to trade AUD_USD
2024-04-30 11:31:54 Ready to trade GBP_USD
2024-04-30 11:31:54 Ready to trade USD_CAD
2024-04-30 11:31:54 Ready to trade USD_JPY
2024-04-30 11:31:54 Ready to trade USD_CHF
2024-04-30 11:31:54 Ready to trade USD_HKD
2024-04-30 11:31:54 Ready to trade EUR_GBP
28:00+00:00
2024-04-30 11:29:50 Ready to trade EUR_USD
2024-04-30 11:29:50 Ready to trade AUD_USD
2024-04-30 11:29:50 Ready to trade GBP_USD
2024-04-30 11:29:51 Ready to trade USD_CAD
2024-04-30 11:29:51 Ready to trade USD_JPY
2024-04-30 11:29:51 Ready to trade USD_CHF
2024-04-30 11:29:51 Ready to trade USD_HKD
2024-04-30 11:29:51 Ready to trade EUR_GBP
2024-04-30 11:30:51 EUR_USD new candle 2024-04-30 15:29:00+00:00
2024-04-30 11:30:51 AUD_USD new candle 2024-04-30 15:29:00+00:00
2024-04-30 11:30:51 GBP_USD new candle 2024-04-30 15:29:00+00:00
2024-04-30 11:30:51 USD_CAD new candle 2024-04-30 15:29:00+00:00
2024-04-30 11:30:51 USD_JPY new candle 2024-04-30 15:29:00+00:00
2024-04-30 11:30:52 USD_CHF new candle 2024-04-30 15:29:00+00:00
2024-04-30 11:30:52 USD_HKD new candle 2024-04-30 15:29:00+00:00
2024-04-30 11:30:52 EUR_GBP new candle 2024-04-30 15:29:00+00:00
2024-04-30 11:30:52 Ready to trade EUR_USD
2024-04-30 11:30:52 Ready to trade AUD_USD
2024-04-30 11:30:52 Ready to trade GBP_USD
2024-04-30 11:30:52 Ready to trade USD_CAD
2024-04-30 11:30:52 Ready to trade USD_JPY
2024-04-30 11:30:52 Ready to trade USD_CHF
2024-04-30 11:30:52 Ready to trade USD_HKD
2024-04-30 11:30:52 Ready to trade EUR_GBP
2024-04-30 11:31:53 EUR_USD new candle 2024-04-30 15:30:00+00:00
2024-04-30 11:31:53 AUD_USD new candle 2024-04-30 15:30:00+00:00
2024-04-30 11:31:53 GBP_USD new candle 2024-04-30 15:30:00+00:00
2024-04-30 11:31:53 USD_CAD new candle 2024-04-30 15:30:00+00:00
2024-04-30 11:31:53 USD_JPY new candle 2024-04-30 15:30:00+00:00
2024-04-30 11:31:53 USD_CHF new candle 2024-04-30 15:30:00+00:00
2024-04-30 11:31:53 USD_HKD new candle 2024-04-30 15:30:00+00:00
2024-04-30 11:31:53 EUR_GBP new candle 2024-04-30 15:30:00+00:00
2024-04-30 11:31:53 Ready to trade EUR_USD
2024-04-30 11:31:53 Ready to trade AUD_USD
2024-04-30 11:31:54 Ready to trade GBP_USD
2024-04-30 11:31:54 Ready to trade USD_CAD
2024-04-30 11:31:54 Ready to trade USD_JPY
2024-04-30 11:31:54 Ready to trade USD_CHF
2024-04-30 11:31:54 Ready to trade USD_HKD
2024-04-30 11:31:54 Ready to trade EUR_GBP
