2024-04-30 11:12:21 LogWapper init() ./logs/Technicals.log
2024-04-30 11:13:23 
2024-04-30 11:13:23 get_trade_decision() pair:EUR_USD max_rows:10
2024-04-30 11:13:23 Processed_df
                       time  volume    mid_o    mid_h    mid_l    mid_c
7 2024-04-30 15:11:00+00:00     102  1.06954  1.06976  1.06926  1.06928
8 2024-04-30 15:12:00+00:00     115  1.06928  1.06928  1.06893  1.06898
2024-04-30 11:13:23 Trade_decision:1
2024-04-30 11:13:23 
2024-04-30 11:13:23 
2024-04-30 11:13:23 get_trade_decision() pair:AUD_USD max_rows:10
2024-04-30 11:13:23 Processed_df
                       time  volume    mid_o    mid_h    mid_l    mid_c
7 2024-04-30 15:11:00+00:00      39  0.64973  0.64984  0.64952  0.64952
8 2024-04-30 15:12:00+00:00      53  0.64952  0.64952  0.64930  0.64930
2024-04-30 11:13:23 Trade_decision:1
2024-04-30 11:13:23 
2024-04-30 11:13:23 
2024-04-30 11:13:23 get_trade_decision() pair:GBP_USD max_rows:10
2024-04-30 11:13:23 Processed_df
                       time  volume    mid_o    mid_h   mid_l    mid_c
7 2024-04-30 15:11:00+00:00     112  1.25212  1.25236  1.2519  1.25192
8 2024-04-30 15:12:00+00:00     166  1.25192  1.25196  1.2517  1.25176
2024-04-30 11:13:23 Trade_decision:1
2024-04-30 11:13:23 
2024-04-30 11:13:23 
2024-04-30 11:13:23 get_trade_decision() pair:USD_CAD max_rows:10
2024-04-30 11:13:24 Processed_df
                       time  volume    mid_o    mid_h   mid_l    mid_c
7 2024-04-30 15:11:00+00:00     100  1.37455  1.37474  1.3744  1.37471
8 2024-04-30 15:12:00+00:00      93  1.37470  1.37480  1.3747  1.37479
2024-04-30 11:13:24 Trade_decision:0
2024-04-30 11:13:24 
2024-04-30 11:13:24 
2024-04-30 11:13:24 get_trade_decision() pair:USD_JPY max_rows:10
2024-04-30 11:13:24 Processed_df
                       time  volume    mid_o    mid_h    mid_l    mid_c
7 2024-04-30 15:11:00+00:00     101  157.356  157.363  157.341  157.363
8 2024-04-30 15:12:00+00:00      55  157.362  157.364  157.359  157.362
2024-04-30 11:13:24 Trade_decision:0
2024-04-30 11:13:24 
2024-04-30 11:13:24 
2024-04-30 11:13:24 get_trade_decision() pair:USD_CHF max_rows:10
2024-04-30 11:13:24 Processed_df
                       time  volume    mid_o    mid_h    mid_l    mid_c
7 2024-04-30 15:11:00+00:00      60  0.91673  0.91718  0.91666  0.91718
8 2024-04-30 15:12:00+00:00      70  0.91720  0.91738  0.91712  0.91733
2024-04-30 11:13:24 Trade_decision:0
2024-04-30 11:13:24 
2024-04-30 11:13:24 
2024-04-30 11:13:24 get_trade_decision() pair:USD_HKD max_rows:10
2024-04-30 11:13:24 Processed_df
                       time  volume    mid_o    mid_h    mid_l    mid_c
7 2024-04-30 15:11:00+00:00      12  7.82114  7.82114  7.82094  7.82094
8 2024-04-30 15:12:00+00:00      20  7.82100  7.82103  7.82092  7.82098
2024-04-30 11:13:24 Trade_decision:0
2024-04-30 11:13:24 
2024-04-30 11:13:24 
2024-04-30 11:13:24 get_trade_decision() pair:EUR_GBP max_rows:10
2024-04-30 11:13:24 Processed_df
                       time  volume    mid_o    mid_h    mid_l    mid_c
7 2024-04-30 15:11:00+00:00      26  0.85418  0.85419  0.85410  0.85413
8 2024-04-30 15:12:00+00:00      27  0.85411  0.85413  0.85399  0.85399
2024-04-30 11:13:24 Trade_decision:0
2024-04-30 11:13:24 
2024-04-30 11:14:25 
2024-04-30 11:14:25 get_trade_decision() pair:EUR_USD max_rows:10
2024-04-30 11:14:25 Processed_df
                       time  volume    mid_o    mid_h    mid_l    mid_c
7 2024-04-30 15:12:00+00:00     115  1.06928  1.06928  1.06893  1.06898
8 2024-04-30 15:13:00+00:00     119  1.06898  1.06905  1.06886  1.06905
2024-04-30 11:14:25 Trade_decision:0
2024-04-30 11:14:25 
2024-04-30 11:14:25 
2024-04-30 11:14:25 get_trade_decision() pair:AUD_USD max_rows:10
2024-04-30 11:14:25 Processed_df
                       time  volume    mid_o    mid_h    mid_l    mid_c
7 2024-04-30 15:12:00+00:00      53  0.64952  0.64952  0.64930  0.64930
8 2024-04-30 15:13:00+00:00      45  0.64930  0.64930  0.64922  0.64927
2024-04-30 11:14:25 Trade_decision:1
2024-04-30 11:14:25 
2024-04-30 11:14:25 
2024-04-30 11:14:25 get_trade_decision() pair:GBP_USD max_rows:10
2024-04-30 11:14:25 Processed_df
                       time  volume    mid_o    mid_h   mid_l    mid_c
7 2024-04-30 15:12:00+00:00     166  1.25192  1.25196  1.2517  1.25176
8 2024-04-30 15:13:00+00:00     168  1.25174  1.25198  1.2517  1.25197
2024-04-30 11:14:25 Trade_decision:-1
2024-04-30 11:14:25 
2024-04-30 11:14:25 
2024-04-30 11:14:25 get_trade_decision() pair:USD_CAD max_rows:10
2024-04-30 11:14:25 Processed_df
                       time  volume    mid_o    mid_h   mid_l    mid_c
7 2024-04-30 15:12:00+00:00      93  1.37470  1.37480  1.3747  1.37479
8 2024-04-30 15:13:00+00:00      89  1.37478  1.37484  1.3747  1.37482
2024-04-30 11:14:25 Trade_decision:0
2024-04-30 11:14:25 
2024-04-30 11:14:25 
2024-04-30 11:14:25 get_trade_decision() pair:USD_JPY max_rows:10
2024-04-30 11:14:26 Processed_df
                       time  volume    mid_o    mid_h    mid_l    mid_c
7 2024-04-30 15:12:00+00:00      55  157.362  157.364  157.359  157.362
8 2024-04-30 15:13:00+00:00     103  157.362  157.364  157.352  157.362
2024-04-30 11:14:26 Trade_decision:0
2024-04-30 11:14:26 
2024-04-30 11:14:26 
2024-04-30 11:14:26 get_trade_decision() pair:USD_CHF max_rows:10
2024-04-30 11:14:26 Processed_df
                       time  volume    mid_o    mid_h    mid_l    mid_c
7 2024-04-30 15:12:00+00:00      70  0.91720  0.91738  0.91712  0.91733
8 2024-04-30 15:13:00+00:00      72  0.91732  0.91750  0.91720  0.91732
2024-04-30 11:14:26 Trade_decision:0
2024-04-30 11:14:26 
2024-04-30 11:14:26 
2024-04-30 11:14:26 get_trade_decision() pair:USD_HKD max_rows:10
2024-04-30 11:14:26 Processed_df
                       time  volume    mid_o    mid_h    mid_l    mid_c
8 2024-04-30 15:12:00+00:00      20  7.82100  7.82103  7.82092  7.82098
9 2024-04-30 15:13:00+00:00       7  7.82096  7.82096  7.82089  7.82092
2024-04-30 11:14:26 Trade_decision:0
2024-04-30 11:14:26 
2024-04-30 11:14:26 
2024-04-30 11:14:26 get_trade_decision() pair:EUR_GBP max_rows:10
2024-04-30 11:14:26 Processed_df
                       time  volume    mid_o    mid_h    mid_l    mid_c
7 2024-04-30 15:12:00+00:00      27  0.85411  0.85413  0.85399  0.85399
8 2024-04-30 15:13:00+00:00      57  0.85402  0.85402  0.85386  0.85390
2024-04-30 11:14:26 Trade_decision:1
2024-04-30 11:14:26 
2024-04-30 11:15:27 
2024-04-30 11:15:27 get_trade_decision() pair:EUR_USD max_rows:10
2024-04-30 11:15:27 Processed_df
                       time  volume    mid_o    mid_h    mid_l    mid_c
7 2024-04-30 15:13:00+00:00     119  1.06898  1.06905  1.06886  1.06905
8 2024-04-30 15:14:00+00:00      90  1.06904  1.06909  1.06896  1.06905
2024-04-30 11:15:27 Trade_decision:-1
2024-04-30 11:15:27 
2024-04-30 11:15:27 
2024-04-30 11:15:27 get_trade_decision() pair:AUD_USD max_rows:10
2024-04-30 11:15:27 Processed_df
                       time  volume    mid_o    mid_h    mid_l    mid_c
7 2024-04-30 15:13:00+00:00      45  0.64930  0.64930  0.64922  0.64927
8 2024-04-30 15:14:00+00:00      45  0.64922  0.64933  0.64920  0.64930
2024-04-30 11:15:27 Trade_decision:0
2024-04-30 11:15:27 
2024-04-30 11:15:27 
2024-04-30 11:15:27 get_trade_decision() pair:GBP_USD max_rows:10
2024-04-30 11:15:27 Processed_df
                       time  volume    mid_o    mid_h    mid_l    mid_c
7 2024-04-30 15:13:00+00:00     168  1.25174  1.25198  1.25170  1.25197
8 2024-04-30 15:14:00+00:00     107  1.25196  1.25208  1.25182  1.25206
2024-04-30 11:15:27 Trade_decision:0
2024-04-30 11:15:27 
2024-04-30 11:15:27 
2024-04-30 11:15:27 get_trade_decision() pair:USD_CAD max_rows:10
2024-04-30 11:15:27 Processed_df
                       time  volume    mid_o    mid_h    mid_l    mid_c
7 2024-04-30 15:13:00+00:00      89  1.37478  1.37484  1.37470  1.37482
8 2024-04-30 15:14:00+00:00      79  1.37484  1.37500  1.37482  1.37486
2024-04-30 11:15:27 Trade_decision:0
2024-04-30 11:15:27 
2024-04-30 11:15:27 
2024-04-30 11:15:27 get_trade_decision() pair:USD_JPY max_rows:10
2024-04-30 11:15:27 Processed_df
                       time  volume    mid_o    mid_h    mid_l    mid_c
7 2024-04-30 15:13:00+00:00     103  157.362  157.364  157.352  157.362
8 2024-04-30 15:14:00+00:00      62  157.362  157.364  157.352  157.354
2024-04-30 11:15:27 Trade_decision:0
2024-04-30 11:15:27 
2024-04-30 11:15:27 
2024-04-30 11:15:27 get_trade_decision() pair:USD_CHF max_rows:10
2024-04-30 11:15:27 Processed_df
                       time  volume    mid_o    mid_h    mid_l    mid_c
7 2024-04-30 15:13:00+00:00      72  0.91732  0.91750  0.91720  0.91732
8 2024-04-30 15:14:00+00:00      81  0.91736  0.91746  0.91714  0.91724
2024-04-30 11:15:27 Trade_decision:0
2024-04-30 11:15:27 
2024-04-30 11:15:27 
2024-04-30 11:15:27 get_trade_decision() pair:USD_HKD max_rows:10
2024-04-30 11:15:28 Processed_df
                       time  volume    mid_o    mid_h    mid_l    mid_c
7 2024-04-30 15:13:00+00:00       7  7.82096  7.82096  7.82089  7.82092
8 2024-04-30 15:14:00+00:00       9  7.82100  7.82140  7.82100  7.82136
2024-04-30 11:15:28 Trade_decision:-1
2024-04-30 11:15:28 
2024-04-30 11:15:28 
2024-04-30 11:15:28 get_trade_decision() pair:EUR_GBP max_rows:10
2024-04-30 11:15:28 Processed_df
                       time  volume    mid_o    mid_h    mid_l    mid_c
7 2024-04-30 15:13:00+00:00      57  0.85402  0.85402  0.85386  0.85390
8 2024-04-30 15:14:00+00:00      35  0.85390  0.85396  0.85378  0.85382
2024-04-30 11:15:28 Trade_decision:1
2024-04-30 11:15:28 
2024-04-30 11:16:29 
2024-04-30 11:16:29 get_trade_decision() pair:EUR_USD max_rows:10
2024-04-30 11:16:29 Processed_df
                       time  volume    mid_o    mid_h    mid_l    mid_c
7 2024-04-30 15:14:00+00:00      90  1.06904  1.06909  1.06896  1.06905
8 2024-04-30 15:15:00+00:00     118  1.06904  1.06924  1.06898  1.06913
2024-04-30 11:16:29 Trade_decision:0
2024-04-30 11:16:29 
2024-04-30 11:16:29 
2024-04-30 11:16:29 get_trade_decision() pair:AUD_USD max_rows:10
2024-04-30 11:16:29 Processed_df
                       time  volume    mid_o    mid_h    mid_l    mid_c
7 2024-04-30 15:14:00+00:00      45  0.64922  0.64933  0.64920  0.64930
8 2024-04-30 15:15:00+00:00      59  0.64929  0.64935  0.64922  0.64931
2024-04-30 11:16:29 Trade_decision:-1
2024-04-30 11:16:29 
2024-04-30 11:16:29 
2024-04-30 11:16:29 get_trade_decision() pair:GBP_USD max_rows:10
2024-04-30 11:16:29 Processed_df
                       time  volume    mid_o    mid_h    mid_l    mid_c
7 2024-04-30 15:14:00+00:00     107  1.25196  1.25208  1.25182  1.25206
8 2024-04-30 15:15:00+00:00     101  1.25202  1.25237  1.25195  1.25236
2024-04-30 11:16:29 Trade_decision:0
2024-04-30 11:16:29 
2024-04-30 11:16:29 
2024-04-30 11:16:29 get_trade_decision() pair:USD_CAD max_rows:10
2024-04-30 11:16:29 Processed_df
                       time  volume    mid_o  mid_h    mid_l    mid_c
7 2024-04-30 15:14:00+00:00      79  1.37484  1.375  1.37482  1.37486
8 2024-04-30 15:15:00+00:00      84  1.37487  1.375  1.37470  1.37470
2024-04-30 11:16:29 Trade_decision:0
2024-04-30 11:16:29 
2024-04-30 11:16:29 
2024-04-30 11:16:29 get_trade_decision() pair:USD_JPY max_rows:10
2024-04-30 11:16:29 Processed_df
                       time  volume    mid_o    mid_h    mid_l    mid_c
7 2024-04-30 15:14:00+00:00      62  157.362  157.364  157.352  157.354
8 2024-04-30 15:15:00+00:00      78  157.355  157.356  157.343  157.352
2024-04-30 11:16:29 Trade_decision:0
2024-04-30 11:16:29 
2024-04-30 11:16:29 
2024-04-30 11:16:29 get_trade_decision() pair:USD_CHF max_rows:10
2024-04-30 11:16:29 Processed_df
                       time  volume    mid_o    mid_h    mid_l    mid_c
7 2024-04-30 15:14:00+00:00      81  0.91736  0.91746  0.91714  0.91724
8 2024-04-30 15:15:00+00:00      78  0.91724  0.91738  0.91716  0.91722
2024-04-30 11:16:29 Trade_decision:0
2024-04-30 11:16:29 
2024-04-30 11:16:29 
2024-04-30 11:16:29 get_trade_decision() pair:USD_HKD max_rows:10
2024-04-30 11:16:29 Processed_df
                       time  volume    mid_o    mid_h   mid_l    mid_c
7 2024-04-30 15:14:00+00:00       9  7.82100  7.82140  7.8210  7.82136
8 2024-04-30 15:15:00+00:00      24  7.82134  7.82134  7.8211  7.82124
2024-04-30 11:16:29 Trade_decision:0
2024-04-30 11:16:29 
2024-04-30 11:16:29 
2024-04-30 11:16:29 get_trade_decision() pair:EUR_GBP max_rows:10
2024-04-30 11:16:30 Processed_df
                       time  volume    mid_o    mid_h    mid_l    mid_c
7 2024-04-30 15:14:00+00:00      35  0.85390  0.85396  0.85378  0.85382
8 2024-04-30 15:15:00+00:00      29  0.85385  0.85390  0.85372  0.85372
2024-04-30 11:16:30 Trade_decision:1
2024-04-30 11:16:30 
2024-04-30 11:17:30 
2024-04-30 11:17:30 get_trade_decision() pair:EUR_USD max_rows:10
2024-04-30 11:17:31 Processed_df
                       time  volume    mid_o    mid_h    mid_l    mid_c
7 2024-04-30 15:15:00+00:00     118  1.06904  1.06924  1.06898  1.06913
8 2024-04-30 15:16:00+00:00      89  1.06911  1.06933  1.06909  1.06918
2024-04-30 11:17:31 Trade_decision:0
2024-04-30 11:17:31 
2024-04-30 11:17:31 
2024-04-30 11:17:31 get_trade_decision() pair:AUD_USD max_rows:10
2024-04-30 11:17:31 Processed_df
                       time  volume    mid_o    mid_h    mid_l    mid_c
7 2024-04-30 15:15:00+00:00      59  0.64929  0.64935  0.64922  0.64931
8 2024-04-30 15:16:00+00:00      49  0.64932  0.64955  0.64932  0.64952
2024-04-30 11:17:31 Trade_decision:0
2024-04-30 11:17:31 
2024-04-30 11:17:31 
2024-04-30 11:17:31 get_trade_decision() pair:GBP_USD max_rows:10
2024-04-30 11:17:31 Processed_df
                       time  volume    mid_o    mid_h    mid_l    mid_c
7 2024-04-30 15:15:00+00:00     101  1.25202  1.25237  1.25195  1.25236
8 2024-04-30 15:16:00+00:00     151  1.25236  1.25254  1.25226  1.25236
2024-04-30 11:17:31 Trade_decision:0
2024-04-30 11:17:31 
2024-04-30 11:17:31 
2024-04-30 11:17:31 get_trade_decision() pair:USD_CAD max_rows:10
2024-04-30 11:17:31 Processed_df
                       time  volume    mid_o   mid_h    mid_l   mid_c
7 2024-04-30 15:15:00+00:00      84  1.37487  1.3750  1.37470  1.3747
8 2024-04-30 15:16:00+00:00     111  1.37470  1.3747  1.37422  1.3743
2024-04-30 11:17:31 Trade_decision:1
2024-04-30 11:17:31 
2024-04-30 11:17:31 
2024-04-30 11:17:31 get_trade_decision() pair:USD_JPY max_rows:10
2024-04-30 11:17:31 Processed_df
                       time  volume    mid_o    mid_h    mid_l    mid_c
7 2024-04-30 15:15:00+00:00      78  157.355  157.356  157.343  157.352
8 2024-04-30 15:16:00+00:00      61  157.350  157.356  157.340  157.342
2024-04-30 11:17:31 Trade_decision:0
2024-04-30 11:17:31 
2024-04-30 11:17:31 
2024-04-30 11:17:31 get_trade_decision() pair:USD_CHF max_rows:10
2024-04-30 11:17:31 Processed_df
                       time  volume    mid_o    mid_h    mid_l    mid_c
7 2024-04-30 15:15:00+00:00      78  0.91724  0.91738  0.91716  0.91722
8 2024-04-30 15:16:00+00:00      51  0.91722  0.91724  0.91682  0.91686
2024-04-30 11:17:31 Trade_decision:0
2024-04-30 11:17:31 
2024-04-30 11:17:31 
2024-04-30 11:17:31 get_trade_decision() pair:USD_HKD max_rows:10
2024-04-30 11:17:31 Processed_df
                       time  volume    mid_o    mid_h   mid_l    mid_c
7 2024-04-30 15:15:00+00:00      24  7.82134  7.82134  7.8211  7.82124
8 2024-04-30 15:16:00+00:00       4  7.82124  7.82126  7.8212  7.82120
2024-04-30 11:17:31 Trade_decision:0
2024-04-30 11:17:31 
2024-04-30 11:17:31 
2024-04-30 11:17:31 get_trade_decision() pair:EUR_GBP max_rows:10
2024-04-30 11:17:31 Processed_df
                       time  volume    mid_o    mid_h    mid_l    mid_c
7 2024-04-30 15:15:00+00:00      29  0.85385  0.85390  0.85372  0.85372
8 2024-04-30 15:16:00+00:00      35  0.85368  0.85379  0.85368  0.85374
2024-04-30 11:17:31 Trade_decision:0
2024-04-30 11:17:31 
2024-04-30 11:18:32 
2024-04-30 11:18:32 get_trade_decision() pair:EUR_USD max_rows:10
2024-04-30 11:18:32 Processed_df
                       time  volume    mid_o    mid_h    mid_l    mid_c
7 2024-04-30 15:16:00+00:00      89  1.06911  1.06933  1.06909  1.06918
8 2024-04-30 15:17:00+00:00      85  1.06918  1.06921  1.06906  1.06911
2024-04-30 11:18:32 Trade_decision:0
2024-04-30 11:18:32 
2024-04-30 11:18:32 
2024-04-30 11:18:32 get_trade_decision() pair:AUD_USD max_rows:10
2024-04-30 11:18:32 Processed_df
                       time  volume    mid_o    mid_h    mid_l    mid_c
7 2024-04-30 15:16:00+00:00      49  0.64932  0.64955  0.64932  0.64952
8 2024-04-30 15:17:00+00:00      27  0.64954  0.64954  0.64942  0.64942
2024-04-30 11:18:32 Trade_decision:0
2024-04-30 11:18:32 
2024-04-30 11:18:32 
2024-04-30 11:18:32 get_trade_decision() pair:GBP_USD max_rows:10
2024-04-30 11:18:32 Processed_df
                       time  volume    mid_o    mid_h    mid_l    mid_c
7 2024-04-30 15:16:00+00:00     151  1.25236  1.25254  1.25226  1.25236
8 2024-04-30 15:17:00+00:00      73  1.25236  1.25238  1.25216  1.25224
2024-04-30 11:18:32 Trade_decision:0
2024-04-30 11:18:32 
2024-04-30 11:18:32 
2024-04-30 11:18:32 get_trade_decision() pair:USD_CAD max_rows:10
2024-04-30 11:18:32 Processed_df
                       time  volume    mid_o    mid_h    mid_l    mid_c
7 2024-04-30 15:16:00+00:00     111  1.37470  1.37470  1.37422  1.37430
8 2024-04-30 15:17:00+00:00      71  1.37429  1.37437  1.37422  1.37437
2024-04-30 11:18:32 Trade_decision:0
2024-04-30 11:18:32 
2024-04-30 11:18:32 
2024-04-30 11:18:32 get_trade_decision() pair:USD_JPY max_rows:10
2024-04-30 11:18:32 Processed_df
                       time  volume    mid_o    mid_h    mid_l    mid_c
7 2024-04-30 15:16:00+00:00      61  157.350  157.356  157.340  157.342
8 2024-04-30 15:17:00+00:00     111  157.342  157.347  157.332  157.345
2024-04-30 11:18:32 Trade_decision:0
2024-04-30 11:18:32 
2024-04-30 11:18:32 
2024-04-30 11:18:32 get_trade_decision() pair:USD_CHF max_rows:10
2024-04-30 11:18:33 Processed_df
                       time  volume    mid_o    mid_h    mid_l    mid_c
7 2024-04-30 15:16:00+00:00      51  0.91722  0.91724  0.91682  0.91686
8 2024-04-30 15:17:00+00:00      46  0.91690  0.91705  0.91682  0.91691
2024-04-30 11:18:33 Trade_decision:0
2024-04-30 11:18:33 
2024-04-30 11:18:33 
2024-04-30 11:18:33 get_trade_decision() pair:USD_HKD max_rows:10
2024-04-30 11:18:33 Processed_df
                       time  volume    mid_o    mid_h    mid_l    mid_c
7 2024-04-30 15:16:00+00:00       4  7.82124  7.82126  7.82120  7.82120
8 2024-04-30 15:17:00+00:00      10  7.82122  7.82122  7.82112  7.82112
2024-04-30 11:18:33 Trade_decision:0
2024-04-30 11:18:33 
2024-04-30 11:18:33 
2024-04-30 11:18:33 get_trade_decision() pair:EUR_GBP max_rows:10
2024-04-30 11:18:33 Processed_df
                       time  volume    mid_o    mid_h    mid_l    mid_c
7 2024-04-30 15:16:00+00:00      35  0.85368  0.85379  0.85368  0.85374
8 2024-04-30 15:17:00+00:00      38  0.85372  0.85380  0.85372  0.85375
2024-04-30 11:18:33 Trade_decision:-1
2024-04-30 11:18:33 
2024-04-30 11:19:34 
2024-04-30 11:19:34 get_trade_decision() pair:EUR_USD max_rows:10
2024-04-30 11:19:34 Processed_df
                       time  volume    mid_o    mid_h    mid_l    mid_c
7 2024-04-30 15:17:00+00:00      85  1.06918  1.06921  1.06906  1.06911
8 2024-04-30 15:18:00+00:00      59  1.06908  1.06916  1.06904  1.06915
2024-04-30 11:19:34 Trade_decision:0
2024-04-30 11:19:34 
2024-04-30 11:19:34 
2024-04-30 11:19:34 get_trade_decision() pair:AUD_USD max_rows:10
2024-04-30 11:19:34 Processed_df
                       time  volume    mid_o    mid_h    mid_l    mid_c
7 2024-04-30 15:17:00+00:00      27  0.64954  0.64954  0.64942  0.64942
8 2024-04-30 15:18:00+00:00      38  0.64942  0.64945  0.64929  0.64932
2024-04-30 11:19:34 Trade_decision:0
2024-04-30 11:19:34 
2024-04-30 11:19:34 
2024-04-30 11:19:34 get_trade_decision() pair:GBP_USD max_rows:10
2024-04-30 11:19:34 Processed_df
                       time  volume    mid_o    mid_h    mid_l    mid_c
7 2024-04-30 15:17:00+00:00      73  1.25236  1.25238  1.25216  1.25224
8 2024-04-30 15:18:00+00:00     135  1.25224  1.25230  1.25212  1.25220
2024-04-30 11:19:34 Trade_decision:0
2024-04-30 11:19:34 
2024-04-30 11:19:34 
2024-04-30 11:19:34 get_trade_decision() pair:USD_CAD max_rows:10
2024-04-30 11:19:34 Processed_df
                       time  volume    mid_o    mid_h    mid_l    mid_c
7 2024-04-30 15:17:00+00:00      71  1.37429  1.37437  1.37422  1.37437
8 2024-04-30 15:18:00+00:00     105  1.37439  1.37456  1.37436  1.37450
2024-04-30 11:19:34 Trade_decision:-1
2024-04-30 11:19:34 
2024-04-30 11:19:34 
2024-04-30 11:19:34 get_trade_decision() pair:USD_JPY max_rows:10
2024-04-30 11:19:34 Processed_df
                       time  volume    mid_o    mid_h    mid_l    mid_c
7 2024-04-30 15:17:00+00:00     111  157.342  157.347  157.332  157.345
8 2024-04-30 15:18:00+00:00     120  157.344  157.368  157.338  157.366
2024-04-30 11:19:34 Trade_decision:0
2024-04-30 11:19:34 
2024-04-30 11:19:34 
2024-04-30 11:19:34 get_trade_decision() pair:USD_CHF max_rows:10
2024-04-30 11:19:34 Processed_df
                       time  volume    mid_o    mid_h    mid_l    mid_c
7 2024-04-30 15:17:00+00:00      46  0.91690  0.91705  0.91682  0.91691
8 2024-04-30 15:18:00+00:00      48  0.91692  0.91700  0.91674  0.91686
2024-04-30 11:19:34 Trade_decision:0
2024-04-30 11:19:34 
2024-04-30 11:19:34 
2024-04-30 11:19:34 get_trade_decision() pair:USD_HKD max_rows:10
2024-04-30 11:19:34 Processed_df
                       time  volume    mid_o    mid_h    mid_l    mid_c
7 2024-04-30 15:17:00+00:00      10  7.82122  7.82122  7.82112  7.82112
8 2024-04-30 15:18:00+00:00       9  7.82112  7.82112  7.82110  7.82111
2024-04-30 11:19:34 Trade_decision:0
2024-04-30 11:19:34 
2024-04-30 11:19:34 
2024-04-30 11:19:34 get_trade_decision() pair:EUR_GBP max_rows:10
2024-04-30 11:19:34 Processed_df
                       time  volume    mid_o    mid_h    mid_l    mid_c
7 2024-04-30 15:17:00+00:00      38  0.85372  0.85380  0.85372  0.85375
8 2024-04-30 15:18:00+00:00      55  0.85376  0.85383  0.85376  0.85382
2024-04-30 11:19:34 Trade_decision:0
2024-04-30 11:19:34 
2024-04-30 11:20:35 
2024-04-30 11:20:35 get_trade_decision() pair:EUR_USD max_rows:10
2024-04-30 11:20:35 Processed_df
                       time  volume    mid_o    mid_h    mid_l    mid_c
7 2024-04-30 15:18:00+00:00      59  1.06908  1.06916  1.06904  1.06915
8 2024-04-30 15:19:00+00:00      63  1.06914  1.06931  1.06909  1.06929
2024-04-30 11:20:35 Trade_decision:0
2024-04-30 11:20:35 
2024-04-30 11:20:35 
2024-04-30 11:20:35 get_trade_decision() pair:AUD_USD max_rows:10
2024-04-30 11:20:35 Processed_df
                       time  volume    mid_o    mid_h    mid_l    mid_c
7 2024-04-30 15:18:00+00:00      38  0.64942  0.64945  0.64929  0.64932
8 2024-04-30 15:19:00+00:00      29  0.64935  0.64935  0.64926  0.64927
2024-04-30 11:20:35 Trade_decision:0
2024-04-30 11:20:35 
2024-04-30 11:20:35 
2024-04-30 11:20:35 get_trade_decision() pair:GBP_USD max_rows:10
2024-04-30 11:20:35 Processed_df
                       time  volume    mid_o    mid_h    mid_l    mid_c
7 2024-04-30 15:18:00+00:00     135  1.25224  1.25230  1.25212  1.25220
8 2024-04-30 15:19:00+00:00     111  1.25221  1.25223  1.25202  1.25212
2024-04-30 11:20:35 Trade_decision:0
2024-04-30 11:20:35 
2024-04-30 11:20:35 
2024-04-30 11:20:35 get_trade_decision() pair:USD_CAD max_rows:10
2024-04-30 11:20:36 Processed_df
                       time  volume    mid_o    mid_h    mid_l    mid_c
7 2024-04-30 15:18:00+00:00     105  1.37439  1.37456  1.37436  1.37450
8 2024-04-30 15:19:00+00:00     124  1.37450  1.37478  1.37446  1.37478
2024-04-30 11:20:36 Trade_decision:0
2024-04-30 11:20:36 
2024-04-30 11:20:36 
2024-04-30 11:20:36 get_trade_decision() pair:USD_JPY max_rows:10
2024-04-30 11:20:36 Processed_df
                       time  volume    mid_o    mid_h    mid_l    mid_c
7 2024-04-30 15:18:00+00:00     120  157.344  157.368  157.338  157.366
8 2024-04-30 15:19:00+00:00     106  157.366  157.412  157.362  157.399
2024-04-30 11:20:36 Trade_decision:0
2024-04-30 11:20:36 
2024-04-30 11:20:36 
2024-04-30 11:20:36 get_trade_decision() pair:USD_CHF max_rows:10
2024-04-30 11:20:36 Processed_df
                       time  volume    mid_o    mid_h    mid_l    mid_c
7 2024-04-30 15:18:00+00:00      48  0.91692  0.91700  0.91674  0.91686
8 2024-04-30 15:19:00+00:00      57  0.91690  0.91706  0.91666  0.91674
2024-04-30 11:20:36 Trade_decision:0
2024-04-30 11:20:36 
2024-04-30 11:20:36 
2024-04-30 11:20:36 get_trade_decision() pair:USD_HKD max_rows:10
2024-04-30 11:20:36 Processed_df
                       time  volume    mid_o    mid_h    mid_l    mid_c
7 2024-04-30 15:18:00+00:00       9  7.82112  7.82112  7.82110  7.82111
8 2024-04-30 15:19:00+00:00      10  7.82116  7.82124  7.82116  7.82124
2024-04-30 11:20:36 Trade_decision:0
2024-04-30 11:20:36 
2024-04-30 11:20:36 
2024-04-30 11:20:36 get_trade_decision() pair:EUR_GBP max_rows:10
2024-04-30 11:20:36 Processed_df
                       time  volume    mid_o    mid_h    mid_l    mid_c
7 2024-04-30 15:18:00+00:00      55  0.85376  0.85383  0.85376  0.85382
8 2024-04-30 15:19:00+00:00      47  0.85380  0.85400  0.85380  0.85396
2024-04-30 11:20:36 Trade_decision:0
2024-04-30 11:20:36 
2024-04-30 11:21:37 
2024-04-30 11:21:37 get_trade_decision() pair:EUR_USD max_rows:10
2024-04-30 11:21:37 Processed_df
                       time  volume    mid_o    mid_h    mid_l    mid_c
7 2024-04-30 15:19:00+00:00      63  1.06914  1.06931  1.06909  1.06929
8 2024-04-30 15:20:00+00:00     105  1.06930  1.06939  1.06918  1.06936
2024-04-30 11:21:37 Trade_decision:0
2024-04-30 11:21:37 
2024-04-30 11:21:37 
2024-04-30 11:21:37 get_trade_decision() pair:AUD_USD max_rows:10
2024-04-30 11:21:37 Processed_df
                       time  volume    mid_o    mid_h    mid_l    mid_c
7 2024-04-30 15:19:00+00:00      29  0.64935  0.64935  0.64926  0.64927
8 2024-04-30 15:20:00+00:00      24  0.64926  0.64936  0.64921  0.64932
2024-04-30 11:21:37 Trade_decision:0
2024-04-30 11:21:37 
2024-04-30 11:21:37 
2024-04-30 11:21:37 get_trade_decision() pair:GBP_USD max_rows:10
2024-04-30 11:21:37 Processed_df
                       time  volume    mid_o    mid_h    mid_l    mid_c
7 2024-04-30 15:19:00+00:00     111  1.25221  1.25223  1.25202  1.25212
8 2024-04-30 15:20:00+00:00     123  1.25213  1.25220  1.25202  1.25216
2024-04-30 11:21:37 Trade_decision:0
2024-04-30 11:21:37 
2024-04-30 11:21:37 
2024-04-30 11:21:37 get_trade_decision() pair:USD_CAD max_rows:10
2024-04-30 11:21:37 Processed_df
                       time  volume    mid_o    mid_h    mid_l    mid_c
7 2024-04-30 15:19:00+00:00     124  1.37450  1.37478  1.37446  1.37478
8 2024-04-30 15:20:00+00:00     109  1.37477  1.37486  1.37457  1.37464
2024-04-30 11:21:37 Trade_decision:0
2024-04-30 11:21:37 
2024-04-30 11:21:37 
2024-04-30 11:21:37 get_trade_decision() pair:USD_JPY max_rows:10
2024-04-30 11:21:37 Processed_df
                       time  volume    mid_o    mid_h    mid_l    mid_c
7 2024-04-30 15:19:00+00:00     106  157.366  157.412  157.362  157.399
8 2024-04-30 15:20:00+00:00      86  157.401  157.417  157.400  157.416
2024-04-30 11:21:37 Trade_decision:0
2024-04-30 11:21:37 
2024-04-30 11:21:37 
2024-04-30 11:21:37 get_trade_decision() pair:USD_CHF max_rows:10
2024-04-30 11:21:37 Processed_df
                       time  volume    mid_o    mid_h    mid_l    mid_c
7 2024-04-30 15:19:00+00:00      57  0.91690  0.91706  0.91666  0.91674
8 2024-04-30 15:20:00+00:00      82  0.91678  0.91690  0.91664  0.91684
2024-04-30 11:21:37 Trade_decision:0
2024-04-30 11:21:37 
2024-04-30 11:21:37 
2024-04-30 11:21:37 get_trade_decision() pair:USD_HKD max_rows:10
2024-04-30 11:21:37 Processed_df
                       time  volume    mid_o    mid_h    mid_l    mid_c
7 2024-04-30 15:19:00+00:00      10  7.82116  7.82124  7.82116  7.82124
8 2024-04-30 15:20:00+00:00       7  7.82124  7.82130  7.82124  7.82130
2024-04-30 11:21:37 Trade_decision:0
2024-04-30 11:21:37 
2024-04-30 11:21:37 
2024-04-30 11:21:37 get_trade_decision() pair:EUR_GBP max_rows:10
2024-04-30 11:21:37 Processed_df
                       time  volume    mid_o    mid_h    mid_l    mid_c
7 2024-04-30 15:19:00+00:00      47  0.85380  0.85400  0.85380  0.85396
8 2024-04-30 15:20:00+00:00      54  0.85399  0.85404  0.85397  0.85402
2024-04-30 11:21:37 Trade_decision:0
2024-04-30 11:21:37 
2024-04-30 11:22:38 
2024-04-30 11:22:38 get_trade_decision() pair:EUR_USD max_rows:10
2024-04-30 11:22:38 Processed_df
                       time  volume    mid_o    mid_h    mid_l    mid_c
7 2024-04-30 15:20:00+00:00     105  1.06930  1.06939  1.06918  1.06936
8 2024-04-30 15:21:00+00:00      66  1.06935  1.06935  1.06904  1.06915
2024-04-30 11:22:38 Trade_decision:0
2024-04-30 11:22:38 
2024-04-30 11:22:38 
2024-04-30 11:22:38 get_trade_decision() pair:AUD_USD max_rows:10
2024-04-30 11:22:38 Processed_df
                       time  volume    mid_o    mid_h    mid_l    mid_c
7 2024-04-30 15:20:00+00:00      24  0.64926  0.64936  0.64921  0.64932
8 2024-04-30 15:21:00+00:00      48  0.64930  0.64930  0.64915  0.64923
2024-04-30 11:22:38 Trade_decision:0
2024-04-30 11:22:38 
2024-04-30 11:22:38 
2024-04-30 11:22:38 get_trade_decision() pair:GBP_USD max_rows:10
2024-04-30 11:22:38 Processed_df
                       time  volume    mid_o    mid_h    mid_l    mid_c
7 2024-04-30 15:20:00+00:00     123  1.25213  1.25220  1.25202  1.25216
8 2024-04-30 15:21:00+00:00     130  1.25216  1.25216  1.25184  1.25195
2024-04-30 11:22:38 Trade_decision:1
2024-04-30 11:22:38 
2024-04-30 11:22:38 
2024-04-30 11:22:38 get_trade_decision() pair:USD_CAD max_rows:10
2024-04-30 11:22:38 Processed_df
                       time  volume    mid_o    mid_h    mid_l    mid_c
7 2024-04-30 15:20:00+00:00     109  1.37477  1.37486  1.37457  1.37464
8 2024-04-30 15:21:00+00:00      89  1.37462  1.37484  1.37462  1.37472
2024-04-30 11:22:38 Trade_decision:0
2024-04-30 11:22:38 
2024-04-30 11:22:38 
2024-04-30 11:22:38 get_trade_decision() pair:USD_JPY max_rows:10
2024-04-30 11:22:39 Processed_df
                       time  volume    mid_o    mid_h    mid_l    mid_c
7 2024-04-30 15:20:00+00:00      86  157.401  157.417  157.400  157.416
8 2024-04-30 15:21:00+00:00     113  157.418  157.444  157.416  157.429
2024-04-30 11:22:39 Trade_decision:0
2024-04-30 11:22:39 
2024-04-30 11:22:39 
2024-04-30 11:22:39 get_trade_decision() pair:USD_CHF max_rows:10
2024-04-30 11:22:39 Processed_df
                       time  volume    mid_o   mid_h    mid_l    mid_c
7 2024-04-30 15:20:00+00:00      82  0.91678  0.9169  0.91664  0.91684
8 2024-04-30 15:21:00+00:00      58  0.91686  0.9171  0.91685  0.91692
2024-04-30 11:22:39 Trade_decision:0
2024-04-30 11:22:39 
2024-04-30 11:22:39 
2024-04-30 11:22:39 get_trade_decision() pair:USD_HKD max_rows:10
2024-04-30 11:22:39 Processed_df
                       time  volume    mid_o    mid_h    mid_l    mid_c
7 2024-04-30 15:20:00+00:00       7  7.82124  7.82130  7.82124  7.82130
8 2024-04-30 15:21:00+00:00       6  7.82131  7.82134  7.82131  7.82134
2024-04-30 11:22:39 Trade_decision:0
2024-04-30 11:22:39 
2024-04-30 11:22:39 
2024-04-30 11:22:39 get_trade_decision() pair:EUR_GBP max_rows:10
2024-04-30 11:22:39 Processed_df
                       time  volume    mid_o    mid_h    mid_l    mid_c
7 2024-04-30 15:20:00+00:00      54  0.85399  0.85404  0.85397  0.85402
8 2024-04-30 15:21:00+00:00      25  0.85400  0.85402  0.85398  0.85400
2024-04-30 11:22:39 Trade_decision:0
2024-04-30 11:22:39 
2024-04-30 11:23:40 
2024-04-30 11:23:40 get_trade_decision() pair:EUR_USD max_rows:10
2024-04-30 11:23:40 Processed_df
                       time  volume    mid_o    mid_h    mid_l    mid_c
7 2024-04-30 15:21:00+00:00      66  1.06935  1.06935  1.06904  1.06915
8 2024-04-30 15:22:00+00:00     104  1.06916  1.06930  1.06912  1.06916
2024-04-30 11:23:40 Trade_decision:0
2024-04-30 11:23:40 
2024-04-30 11:23:40 
2024-04-30 11:23:40 get_trade_decision() pair:AUD_USD max_rows:10
2024-04-30 11:23:40 Processed_df
                       time  volume   mid_o    mid_h    mid_l    mid_c
7 2024-04-30 15:21:00+00:00      48  0.6493  0.64930  0.64915  0.64923
8 2024-04-30 15:22:00+00:00      50  0.6492  0.64926  0.64916  0.64918
2024-04-30 11:23:40 Trade_decision:0
2024-04-30 11:23:40 
2024-04-30 11:23:40 
2024-04-30 11:23:40 get_trade_decision() pair:GBP_USD max_rows:10
2024-04-30 11:23:40 Processed_df
                       time  volume    mid_o    mid_h    mid_l    mid_c
7 2024-04-30 15:21:00+00:00     130  1.25216  1.25216  1.25184  1.25195
8 2024-04-30 15:22:00+00:00     110  1.25196  1.25207  1.25188  1.25200
2024-04-30 11:23:40 Trade_decision:0
2024-04-30 11:23:40 
2024-04-30 11:23:40 
2024-04-30 11:23:40 get_trade_decision() pair:USD_CAD max_rows:10
2024-04-30 11:23:40 Processed_df
                       time  volume    mid_o    mid_h    mid_l    mid_c
7 2024-04-30 15:21:00+00:00      89  1.37462  1.37484  1.37462  1.37472
8 2024-04-30 15:22:00+00:00     113  1.37472  1.37478  1.37455  1.37468
2024-04-30 11:23:40 Trade_decision:0
2024-04-30 11:23:40 
2024-04-30 11:23:40 
2024-04-30 11:23:40 get_trade_decision() pair:USD_JPY max_rows:10
2024-04-30 11:23:40 Processed_df
                       time  volume    mid_o    mid_h    mid_l    mid_c
7 2024-04-30 15:21:00+00:00     113  157.418  157.444  157.416  157.429
8 2024-04-30 15:22:00+00:00      75  157.428  157.435  157.417  157.434
2024-04-30 11:23:40 Trade_decision:0
2024-04-30 11:23:40 
2024-04-30 11:23:40 
2024-04-30 11:23:40 get_trade_decision() pair:USD_CHF max_rows:10
2024-04-30 11:23:40 Processed_df
                       time  volume    mid_o    mid_h    mid_l    mid_c
7 2024-04-30 15:21:00+00:00      58  0.91686  0.91710  0.91685  0.91692
8 2024-04-30 15:22:00+00:00      68  0.91692  0.91692  0.91652  0.91664
2024-04-30 11:23:40 Trade_decision:0
2024-04-30 11:23:40 
2024-04-30 11:23:40 
2024-04-30 11:23:40 get_trade_decision() pair:USD_HKD max_rows:10
2024-04-30 11:23:41 Processed_df
                       time  volume    mid_o    mid_h    mid_l    mid_c
7 2024-04-30 15:21:00+00:00       6  7.82131  7.82134  7.82131  7.82134
8 2024-04-30 15:22:00+00:00      13  7.82128  7.82159  7.82128  7.82159
2024-04-30 11:23:41 Trade_decision:0
2024-04-30 11:23:41 
2024-04-30 11:23:41 
2024-04-30 11:23:41 get_trade_decision() pair:EUR_GBP max_rows:10
2024-04-30 11:23:41 Processed_df
                       time  volume    mid_o    mid_h    mid_l    mid_c
7 2024-04-30 15:21:00+00:00      25  0.85400  0.85402  0.85398  0.85400
8 2024-04-30 15:22:00+00:00      34  0.85402  0.85406  0.85396  0.85396
2024-04-30 11:23:41 Trade_decision:0
2024-04-30 11:23:41 
2024-04-30 11:24:41 
2024-04-30 11:24:41 get_trade_decision() pair:EUR_USD max_rows:10
2024-04-30 11:24:41 Processed_df
                       time  volume    mid_o    mid_h    mid_l    mid_c
7 2024-04-30 15:22:00+00:00     104  1.06916  1.06930  1.06912  1.06916
8 2024-04-30 15:23:00+00:00      91  1.06915  1.06922  1.06886  1.06888
2024-04-30 11:24:41 Trade_decision:1
2024-04-30 11:24:41 
2024-04-30 11:24:41 
2024-04-30 11:24:41 get_trade_decision() pair:AUD_USD max_rows:10
2024-04-30 11:24:41 Processed_df
                       time  volume    mid_o    mid_h    mid_l    mid_c
7 2024-04-30 15:22:00+00:00      50  0.64920  0.64926  0.64916  0.64918
8 2024-04-30 15:23:00+00:00      41  0.64918  0.64924  0.64912  0.64912
2024-04-30 11:24:41 Trade_decision:1
2024-04-30 11:24:41 
2024-04-30 11:24:41 
2024-04-30 11:24:41 get_trade_decision() pair:GBP_USD max_rows:10
2024-04-30 11:24:42 Processed_df
                       time  volume    mid_o    mid_h    mid_l    mid_c
7 2024-04-30 15:22:00+00:00     110  1.25196  1.25207  1.25188  1.25200
8 2024-04-30 15:23:00+00:00      91  1.25203  1.25240  1.25203  1.25215
2024-04-30 11:24:42 Trade_decision:-1
2024-04-30 11:24:42 
2024-04-30 11:24:42 
2024-04-30 11:24:42 get_trade_decision() pair:USD_CAD max_rows:10
2024-04-30 11:24:42 Processed_df
                       time  volume    mid_o    mid_h    mid_l    mid_c
7 2024-04-30 15:22:00+00:00     113  1.37472  1.37478  1.37455  1.37468
8 2024-04-30 15:23:00+00:00     117  1.37468  1.37479  1.37458  1.37474
2024-04-30 11:24:42 Trade_decision:0
2024-04-30 11:24:42 
2024-04-30 11:24:42 
2024-04-30 11:24:42 get_trade_decision() pair:USD_JPY max_rows:10
2024-04-30 11:24:42 Processed_df
                       time  volume    mid_o    mid_h    mid_l    mid_c
7 2024-04-30 15:22:00+00:00      75  157.428  157.435  157.417  157.434
8 2024-04-30 15:23:00+00:00      99  157.438  157.455  157.436  157.444
2024-04-30 11:24:42 Trade_decision:0
2024-04-30 11:24:42 
2024-04-30 11:24:42 
2024-04-30 11:24:42 get_trade_decision() pair:USD_CHF max_rows:10
2024-04-30 11:24:42 Processed_df
                       time  volume    mid_o    mid_h    mid_l    mid_c
7 2024-04-30 15:22:00+00:00      68  0.91692  0.91692  0.91652  0.91664
8 2024-04-30 15:23:00+00:00      78  0.91662  0.91666  0.91644  0.91666
2024-04-30 11:24:42 Trade_decision:0
2024-04-30 11:24:42 
2024-04-30 11:24:42 
2024-04-30 11:24:42 get_trade_decision() pair:USD_HKD max_rows:10
2024-04-30 11:24:42 Processed_df
                       time  volume    mid_o    mid_h    mid_l    mid_c
7 2024-04-30 15:22:00+00:00      13  7.82128  7.82159  7.82128  7.82159
8 2024-04-30 15:23:00+00:00      14  7.82158  7.82158  7.82124  7.82124
2024-04-30 11:24:42 Trade_decision:0
2024-04-30 11:24:42 
2024-04-30 11:24:42 
2024-04-30 11:24:42 get_trade_decision() pair:EUR_GBP max_rows:10
2024-04-30 11:24:42 Processed_df
                       time  volume    mid_o    mid_h    mid_l    mid_c
7 2024-04-30 15:22:00+00:00      34  0.85402  0.85406  0.85396  0.85396
8 2024-04-30 15:23:00+00:00      82  0.85398  0.85398  0.85362  0.85362
2024-04-30 11:24:42 Trade_decision:1
2024-04-30 11:24:42 
2024-04-30 11:25:43 
2024-04-30 11:25:43 get_trade_decision() pair:EUR_USD max_rows:10
2024-04-30 11:25:43 Processed_df
                       time  volume    mid_o    mid_h    mid_l    mid_c
7 2024-04-30 15:23:00+00:00      91  1.06915  1.06922  1.06886  1.06888
8 2024-04-30 15:24:00+00:00     129  1.06888  1.06931  1.06888  1.06927
2024-04-30 11:25:43 Trade_decision:-1
2024-04-30 11:25:43 
2024-04-30 11:25:43 
2024-04-30 11:25:43 get_trade_decision() pair:AUD_USD max_rows:10
2024-04-30 11:25:43 Processed_df
                       time  volume    mid_o    mid_h    mid_l    mid_c
7 2024-04-30 15:23:00+00:00      41  0.64918  0.64924  0.64912  0.64912
8 2024-04-30 15:24:00+00:00      39  0.64916  0.64925  0.64916  0.64922
2024-04-30 11:25:43 Trade_decision:-1
2024-04-30 11:25:43 
2024-04-30 11:25:43 
2024-04-30 11:25:43 get_trade_decision() pair:GBP_USD max_rows:10
2024-04-30 11:25:44 Processed_df
                       time  volume    mid_o   mid_h    mid_l    mid_c
7 2024-04-30 15:23:00+00:00      91  1.25203  1.2524  1.25203  1.25215
8 2024-04-30 15:24:00+00:00     122  1.25216  1.2524  1.25215  1.25236
2024-04-30 11:25:44 Trade_decision:0
2024-04-30 11:25:44 
2024-04-30 11:25:44 
2024-04-30 11:25:44 get_trade_decision() pair:USD_CAD max_rows:10
2024-04-30 11:25:44 Processed_df
                       time  volume    mid_o    mid_h    mid_l    mid_c
7 2024-04-30 15:23:00+00:00     117  1.37468  1.37479  1.37458  1.37474
8 2024-04-30 15:24:00+00:00      84  1.37474  1.37476  1.37462  1.37470
2024-04-30 11:25:44 Trade_decision:0
2024-04-30 11:25:44 
2024-04-30 11:25:44 
2024-04-30 11:25:44 get_trade_decision() pair:USD_JPY max_rows:10
2024-04-30 11:25:44 Processed_df
                       time  volume    mid_o    mid_h    mid_l    mid_c
7 2024-04-30 15:23:00+00:00      99  157.438  157.455  157.436  157.444
8 2024-04-30 15:24:00+00:00     103  157.441  157.445  157.420  157.428
2024-04-30 11:25:44 Trade_decision:0
2024-04-30 11:25:44 
2024-04-30 11:25:44 
2024-04-30 11:25:44 get_trade_decision() pair:USD_CHF max_rows:10
2024-04-30 11:25:44 Processed_df
                       time  volume    mid_o    mid_h    mid_l    mid_c
7 2024-04-30 15:23:00+00:00      78  0.91662  0.91666  0.91644  0.91666
8 2024-04-30 15:24:00+00:00      81  0.91665  0.91670  0.91629  0.91637
2024-04-30 11:25:44 Trade_decision:1
2024-04-30 11:25:44 
2024-04-30 11:25:44 
2024-04-30 11:25:44 get_trade_decision() pair:USD_HKD max_rows:10
2024-04-30 11:25:44 Processed_df
                       time  volume    mid_o    mid_h    mid_l    mid_c
7 2024-04-30 15:23:00+00:00      14  7.82158  7.82158  7.82124  7.82124
8 2024-04-30 15:24:00+00:00       5  7.82125  7.82125  7.82122  7.82122
2024-04-30 11:25:44 Trade_decision:0
2024-04-30 11:25:44 
2024-04-30 11:25:44 
2024-04-30 11:25:44 get_trade_decision() pair:EUR_GBP max_rows:10
2024-04-30 11:25:44 Processed_df
                       time  volume    mid_o    mid_h    mid_l    mid_c
7 2024-04-30 15:23:00+00:00      82  0.85398  0.85398  0.85362  0.85362
8 2024-04-30 15:24:00+00:00      68  0.85363  0.85380  0.85363  0.85380
2024-04-30 11:25:44 Trade_decision:0
2024-04-30 11:25:44 
2024-04-30 11:26:45 
2024-04-30 11:26:45 get_trade_decision() pair:EUR_USD max_rows:10
2024-04-30 11:26:45 Processed_df
                       time  volume    mid_o    mid_h    mid_l    mid_c
7 2024-04-30 15:24:00+00:00     129  1.06888  1.06931  1.06888  1.06927
8 2024-04-30 15:25:00+00:00     105  1.06928  1.06944  1.06928  1.06929
2024-04-30 11:26:45 Trade_decision:0
2024-04-30 11:26:45 
2024-04-30 11:26:45 
2024-04-30 11:26:45 get_trade_decision() pair:AUD_USD max_rows:10
2024-04-30 11:26:45 Processed_df
                       time  volume    mid_o    mid_h    mid_l    mid_c
7 2024-04-30 15:24:00+00:00      39  0.64916  0.64925  0.64916  0.64922
8 2024-04-30 15:25:00+00:00      58  0.64926  0.64939  0.64926  0.64932
2024-04-30 11:26:45 Trade_decision:0
2024-04-30 11:26:45 
2024-04-30 11:26:45 
2024-04-30 11:26:45 get_trade_decision() pair:GBP_USD max_rows:10
2024-04-30 11:26:45 Processed_df
                       time  volume    mid_o   mid_h    mid_l    mid_c
7 2024-04-30 15:24:00+00:00     122  1.25216  1.2524  1.25215  1.25236
8 2024-04-30 15:25:00+00:00     130  1.25236  1.2527  1.25236  1.25248
2024-04-30 11:26:45 Trade_decision:0
2024-04-30 11:26:45 
2024-04-30 11:26:45 
2024-04-30 11:26:45 get_trade_decision() pair:USD_CAD max_rows:10
2024-04-30 11:26:45 Processed_df
                       time  volume    mid_o    mid_h    mid_l    mid_c
7 2024-04-30 15:24:00+00:00      84  1.37474  1.37476  1.37462  1.37470
8 2024-04-30 15:25:00+00:00     109  1.37468  1.37470  1.37454  1.37458
2024-04-30 11:26:45 Trade_decision:0
2024-04-30 11:26:45 
2024-04-30 11:26:45 
2024-04-30 11:26:45 get_trade_decision() pair:USD_JPY max_rows:10
2024-04-30 11:26:46 Processed_df
                       time  volume    mid_o    mid_h    mid_l    mid_c
7 2024-04-30 15:24:00+00:00     103  157.441  157.445  157.420  157.428
8 2024-04-30 15:25:00+00:00      48  157.428  157.440  157.426  157.434
2024-04-30 11:26:46 Trade_decision:0
2024-04-30 11:26:46 
2024-04-30 11:26:46 
2024-04-30 11:26:46 get_trade_decision() pair:USD_CHF max_rows:10
2024-04-30 11:26:46 Processed_df
                       time  volume    mid_o   mid_h    mid_l    mid_c
7 2024-04-30 15:24:00+00:00      81  0.91665  0.9167  0.91629  0.91637
8 2024-04-30 15:25:00+00:00      81  0.91636  0.9167  0.91632  0.91670
2024-04-30 11:26:46 Trade_decision:-1
2024-04-30 11:26:46 
2024-04-30 11:26:46 
2024-04-30 11:26:46 get_trade_decision() pair:USD_HKD max_rows:10
2024-04-30 11:26:46 Processed_df
                       time  volume    mid_o    mid_h    mid_l    mid_c
7 2024-04-30 15:24:00+00:00       5  7.82125  7.82125  7.82122  7.82122
8 2024-04-30 15:25:00+00:00      43  7.82104  7.82131  7.82082  7.82131
2024-04-30 11:26:46 Trade_decision:0
2024-04-30 11:26:46 
2024-04-30 11:26:46 
2024-04-30 11:26:46 get_trade_decision() pair:EUR_GBP max_rows:10
2024-04-30 11:26:46 Processed_df
                       time  volume    mid_o    mid_h    mid_l    mid_c
7 2024-04-30 15:24:00+00:00      68  0.85363  0.85380  0.85363  0.85380
8 2024-04-30 15:25:00+00:00      45  0.85378  0.85378  0.85372  0.85374
2024-04-30 11:26:46 Trade_decision:-1
2024-04-30 11:26:46 
2024-04-30 11:27:47 
2024-04-30 11:27:47 get_trade_decision() pair:EUR_USD max_rows:10
2024-04-30 11:27:47 Processed_df
                       time  volume    mid_o    mid_h    mid_l    mid_c
7 2024-04-30 15:25:00+00:00     105  1.06928  1.06944  1.06928  1.06929
8 2024-04-30 15:26:00+00:00      99  1.06928  1.06933  1.06922  1.06932
2024-04-30 11:27:47 Trade_decision:0
2024-04-30 11:27:47 
2024-04-30 11:27:47 
2024-04-30 11:27:47 get_trade_decision() pair:AUD_USD max_rows:10
2024-04-30 11:27:47 Processed_df
                       time  volume    mid_o    mid_h    mid_l    mid_c
7 2024-04-30 15:25:00+00:00      58  0.64926  0.64939  0.64926  0.64932
8 2024-04-30 15:26:00+00:00      26  0.64935  0.64935  0.64926  0.64930
2024-04-30 11:27:47 Trade_decision:0
2024-04-30 11:27:47 
2024-04-30 11:27:47 
2024-04-30 11:27:47 get_trade_decision() pair:GBP_USD max_rows:10
2024-04-30 11:27:47 Processed_df
                       time  volume    mid_o    mid_h    mid_l    mid_c
7 2024-04-30 15:25:00+00:00     130  1.25236  1.25270  1.25236  1.25248
8 2024-04-30 15:26:00+00:00      52  1.25248  1.25248  1.25236  1.25243
2024-04-30 11:27:47 Trade_decision:0
2024-04-30 11:27:47 
2024-04-30 11:27:47 
2024-04-30 11:27:47 get_trade_decision() pair:USD_CAD max_rows:10
2024-04-30 11:27:47 Processed_df
                       time  volume    mid_o    mid_h    mid_l    mid_c
7 2024-04-30 15:25:00+00:00     109  1.37468  1.37470  1.37454  1.37458
8 2024-04-30 15:26:00+00:00      81  1.37457  1.37458  1.37444  1.37451
2024-04-30 11:27:47 Trade_decision:1
2024-04-30 11:27:47 
2024-04-30 11:27:47 
2024-04-30 11:27:47 get_trade_decision() pair:USD_JPY max_rows:10
2024-04-30 11:27:47 Processed_df
                       time  volume    mid_o    mid_h    mid_l    mid_c
7 2024-04-30 15:25:00+00:00      48  157.428  157.440  157.426  157.434
8 2024-04-30 15:26:00+00:00      68  157.430  157.432  157.400  157.414
2024-04-30 11:27:47 Trade_decision:1
2024-04-30 11:27:47 
2024-04-30 11:27:47 
2024-04-30 11:27:47 get_trade_decision() pair:USD_CHF max_rows:10
2024-04-30 11:27:47 Processed_df
                       time  volume    mid_o    mid_h    mid_l    mid_c
7 2024-04-30 15:25:00+00:00      81  0.91636  0.91670  0.91632  0.91670
8 2024-04-30 15:26:00+00:00      56  0.91666  0.91674  0.91634  0.91634
2024-04-30 11:27:47 Trade_decision:0
2024-04-30 11:27:47 
2024-04-30 11:27:47 
2024-04-30 11:27:47 get_trade_decision() pair:USD_HKD max_rows:10
2024-04-30 11:27:47 Processed_df
                       time  volume    mid_o    mid_h    mid_l    mid_c
7 2024-04-30 15:25:00+00:00      43  7.82104  7.82131  7.82082  7.82131
8 2024-04-30 15:26:00+00:00      13  7.82132  7.82144  7.82131  7.82140
2024-04-30 11:27:47 Trade_decision:0
2024-04-30 11:27:47 
2024-04-30 11:27:47 
2024-04-30 11:27:47 get_trade_decision() pair:EUR_GBP max_rows:10
2024-04-30 11:27:48 Processed_df
                       time  volume    mid_o    mid_h    mid_l    mid_c
7 2024-04-30 15:25:00+00:00      45  0.85378  0.85378  0.85372  0.85374
8 2024-04-30 15:26:00+00:00      41  0.85373  0.85380  0.85373  0.85380
2024-04-30 11:27:48 Trade_decision:0
2024-04-30 11:27:48 
2024-04-30 11:28:48 
2024-04-30 11:28:48 get_trade_decision() pair:EUR_USD max_rows:10
2024-04-30 11:28:49 Processed_df
                       time  volume    mid_o    mid_h    mid_l    mid_c
7 2024-04-30 15:26:00+00:00      99  1.06928  1.06933  1.06922  1.06932
8 2024-04-30 15:27:00+00:00      75  1.06934  1.06935  1.06921  1.06931
2024-04-30 11:28:49 Trade_decision:0
2024-04-30 11:28:49 
2024-04-30 11:28:49 
2024-04-30 11:28:49 get_trade_decision() pair:AUD_USD max_rows:10
2024-04-30 11:28:49 Processed_df
                       time  volume    mid_o    mid_h    mid_l   mid_c
7 2024-04-30 15:26:00+00:00      26  0.64935  0.64935  0.64926  0.6493
8 2024-04-30 15:27:00+00:00      38  0.64932  0.64932  0.64918  0.6492
2024-04-30 11:28:49 Trade_decision:0
2024-04-30 11:28:49 
2024-04-30 11:28:49 
2024-04-30 11:28:49 get_trade_decision() pair:GBP_USD max_rows:10
2024-04-30 11:28:49 Processed_df
                       time  volume    mid_o    mid_h    mid_l    mid_c
7 2024-04-30 15:26:00+00:00      52  1.25248  1.25248  1.25236  1.25243
8 2024-04-30 15:27:00+00:00      90  1.25246  1.25246  1.25225  1.25226
2024-04-30 11:28:49 Trade_decision:0
2024-04-30 11:28:49 
2024-04-30 11:28:49 
2024-04-30 11:28:49 get_trade_decision() pair:USD_CAD max_rows:10
2024-04-30 11:28:49 Processed_df
                       time  volume    mid_o    mid_h    mid_l    mid_c
7 2024-04-30 15:26:00+00:00      81  1.37457  1.37458  1.37444  1.37451
8 2024-04-30 15:27:00+00:00     162  1.37449  1.37463  1.37448  1.37462
2024-04-30 11:28:49 Trade_decision:-1
2024-04-30 11:28:49 
2024-04-30 11:28:49 
2024-04-30 11:28:49 get_trade_decision() pair:USD_JPY max_rows:10
2024-04-30 11:28:49 Processed_df
                       time  volume    mid_o    mid_h    mid_l    mid_c
7 2024-04-30 15:26:00+00:00      68  157.430  157.432  157.400  157.414
8 2024-04-30 15:27:00+00:00      79  157.415  157.439  157.415  157.438
2024-04-30 11:28:49 Trade_decision:-1
2024-04-30 11:28:49 
2024-04-30 11:28:49 
2024-04-30 11:28:49 get_trade_decision() pair:USD_CHF max_rows:10
2024-04-30 11:28:49 Processed_df
                       time  volume    mid_o    mid_h    mid_l    mid_c
7 2024-04-30 15:26:00+00:00      56  0.91666  0.91674  0.91634  0.91634
8 2024-04-30 15:27:00+00:00      65  0.91634  0.91655  0.91632  0.91652
2024-04-30 11:28:49 Trade_decision:0
2024-04-30 11:28:49 
2024-04-30 11:28:49 
2024-04-30 11:28:49 get_trade_decision() pair:USD_HKD max_rows:10
2024-04-30 11:28:49 Processed_df
                       time  volume    mid_o    mid_h    mid_l    mid_c
7 2024-04-30 15:26:00+00:00      13  7.82132  7.82144  7.82131  7.82140
8 2024-04-30 15:27:00+00:00      18  7.82140  7.82146  7.82140  7.82146
2024-04-30 11:28:49 Trade_decision:0
2024-04-30 11:28:49 
2024-04-30 11:28:49 
2024-04-30 11:28:49 get_trade_decision() pair:EUR_GBP max_rows:10
2024-04-30 11:28:49 Processed_df
                       time  volume    mid_o    mid_h    mid_l    mid_c
7 2024-04-30 15:26:00+00:00      41  0.85373  0.85380  0.85373  0.85380
8 2024-04-30 15:27:00+00:00      22  0.85380  0.85388  0.85378  0.85388
2024-04-30 11:28:49 Trade_decision:0
2024-04-30 11:28:49 
2024-04-30 11:29:50 
2024-04-30 11:29:50 get_trade_decision() pair:EUR_USD max_rows:10
2024-04-30 11:29:50 Processed_df
                       time  volume    mid_o    mid_h    mid_l    mid_c
7 2024-04-30 15:27:00+00:00      75  1.06934  1.06935  1.06921  1.06931
8 2024-04-30 15:28:00+00:00      94  1.06932  1.06950  1.06918  1.06918
2024-04-30 11:29:50 Trade_decision:0
2024-04-30 11:29:50 
2024-04-30 11:29:50 
2024-04-30 11:29:50 get_trade_decision() pair:AUD_USD max_rows:10
2024-04-30 11:29:50 Processed_df
                       time  volume    mid_o    mid_h    mid_l    mid_c
7 2024-04-30 15:27:00+00:00      38  0.64932  0.64932  0.64918  0.64920
8 2024-04-30 15:28:00+00:00      60  0.64919  0.64940  0.64919  0.64932
2024-04-30 11:29:50 Trade_decision:0
2024-04-30 11:29:50 
2024-04-30 11:29:50 
2024-04-30 11:29:50 get_trade_decision() pair:GBP_USD max_rows:10
2024-04-30 11:29:51 Processed_df
                       time  volume    mid_o    mid_h    mid_l    mid_c
7 2024-04-30 15:27:00+00:00      90  1.25246  1.25246  1.25225  1.25226
8 2024-04-30 15:28:00+00:00     135  1.25226  1.25250  1.25226  1.25242
2024-04-30 11:29:51 Trade_decision:0
2024-04-30 11:29:51 
2024-04-30 11:29:51 
2024-04-30 11:29:51 get_trade_decision() pair:USD_CAD max_rows:10
2024-04-30 11:29:51 Processed_df
                       time  volume    mid_o    mid_h    mid_l    mid_c
7 2024-04-30 15:27:00+00:00     162  1.37449  1.37463  1.37448  1.37462
8 2024-04-30 15:28:00+00:00     103  1.37462  1.37462  1.37440  1.37456
2024-04-30 11:29:51 Trade_decision:0
2024-04-30 11:29:51 
2024-04-30 11:29:51 
2024-04-30 11:29:51 get_trade_decision() pair:USD_JPY max_rows:10
2024-04-30 11:29:51 Processed_df
                       time  volume    mid_o    mid_h    mid_l    mid_c
7 2024-04-30 15:27:00+00:00      79  157.415  157.439  157.415  157.438
8 2024-04-30 15:28:00+00:00     102  157.438  157.462  157.438  157.446
2024-04-30 11:29:51 Trade_decision:0
2024-04-30 11:29:51 
2024-04-30 11:29:51 
2024-04-30 11:29:51 get_trade_decision() pair:USD_CHF max_rows:10
2024-04-30 11:29:51 Processed_df
                       time  volume    mid_o    mid_h    mid_l    mid_c
7 2024-04-30 15:27:00+00:00      65  0.91634  0.91655  0.91632  0.91652
8 2024-04-30 15:28:00+00:00      64  0.91654  0.91670  0.91650  0.91670
2024-04-30 11:29:51 Trade_decision:0
2024-04-30 11:29:51 
2024-04-30 11:29:51 
2024-04-30 11:29:51 get_trade_decision() pair:USD_HKD max_rows:10
2024-04-30 11:29:51 Processed_df
                       time  volume    mid_o    mid_h    mid_l    mid_c
7 2024-04-30 15:27:00+00:00      18  7.82140  7.82146  7.82140  7.82146
8 2024-04-30 15:28:00+00:00      19  7.82145  7.82154  7.82138  7.82140
2024-04-30 11:29:51 Trade_decision:0
2024-04-30 11:29:51 
2024-04-30 11:29:51 
2024-04-30 11:29:51 get_trade_decision() pair:EUR_GBP max_rows:10
2024-04-30 11:29:51 Processed_df
                       time  volume    mid_o    mid_h    mid_l    mid_c
7 2024-04-30 15:27:00+00:00      22  0.85380  0.85388  0.85378  0.85388
8 2024-04-30 15:28:00+00:00      58  0.85391  0.85395  0.85370  0.85370
2024-04-30 11:29:51 Trade_decision:0
2024-04-30 11:29:51 
2024-04-30 11:30:52 
2024-04-30 11:30:52 get_trade_decision() pair:EUR_USD max_rows:10
2024-04-30 11:30:52 Processed_df
                       time  volume    mid_o   mid_h    mid_l    mid_c
7 2024-04-30 15:28:00+00:00      94  1.06932  1.0695  1.06918  1.06918
8 2024-04-30 15:29:00+00:00      95  1.06919  1.0693  1.06898  1.06924
2024-04-30 11:30:52 Trade_decision:0
2024-04-30 11:30:52 
2024-04-30 11:30:52 
2024-04-30 11:30:52 get_trade_decision() pair:AUD_USD max_rows:10
2024-04-30 11:30:52 Processed_df
                       time  volume    mid_o    mid_h    mid_l    mid_c
7 2024-04-30 15:28:00+00:00      60  0.64919  0.64940  0.64919  0.64932
8 2024-04-30 15:29:00+00:00      65  0.64930  0.64944  0.64922  0.64944
2024-04-30 11:30:52 Trade_decision:0
2024-04-30 11:30:52 
2024-04-30 11:30:52 
2024-04-30 11:30:52 get_trade_decision() pair:GBP_USD max_rows:10
2024-04-30 11:30:52 Processed_df
                       time  volume    mid_o    mid_h    mid_l    mid_c
7 2024-04-30 15:28:00+00:00     135  1.25226  1.25250  1.25226  1.25242
8 2024-04-30 15:29:00+00:00     151  1.25241  1.25254  1.25220  1.25248
2024-04-30 11:30:52 Trade_decision:0
2024-04-30 11:30:52 
2024-04-30 11:30:52 
2024-04-30 11:30:52 get_trade_decision() pair:USD_CAD max_rows:10
2024-04-30 11:30:52 Processed_df
                       time  volume    mid_o    mid_h    mid_l    mid_c
7 2024-04-30 15:28:00+00:00     103  1.37462  1.37462  1.37440  1.37456
8 2024-04-30 15:29:00+00:00      83  1.37454  1.37472  1.37435  1.37438
2024-04-30 11:30:52 Trade_decision:1
2024-04-30 11:30:52 
2024-04-30 11:30:52 
2024-04-30 11:30:52 get_trade_decision() pair:USD_JPY max_rows:10
2024-04-30 11:30:52 Processed_df
                       time  volume    mid_o    mid_h    mid_l    mid_c
7 2024-04-30 15:28:00+00:00     102  157.438  157.462  157.438  157.446
8 2024-04-30 15:29:00+00:00      59  157.445  157.454  157.444  157.452
2024-04-30 11:30:52 Trade_decision:0
2024-04-30 11:30:52 
2024-04-30 11:30:52 
2024-04-30 11:30:52 get_trade_decision() pair:USD_CHF max_rows:10
2024-04-30 11:30:52 Processed_df
                       time  volume    mid_o    mid_h    mid_l   mid_c
7 2024-04-30 15:28:00+00:00      64  0.91654  0.91670  0.91650  0.9167
8 2024-04-30 15:29:00+00:00      73  0.91668  0.91683  0.91666  0.9167
2024-04-30 11:30:52 Trade_decision:0
2024-04-30 11:30:52 
2024-04-30 11:30:52 
2024-04-30 11:30:52 get_trade_decision() pair:USD_HKD max_rows:10
2024-04-30 11:30:52 Processed_df
                       time  volume    mid_o    mid_h    mid_l   mid_c
7 2024-04-30 15:28:00+00:00      19  7.82145  7.82154  7.82138  7.8214
8 2024-04-30 15:29:00+00:00       3  7.82142  7.82142  7.82140  7.8214
2024-04-30 11:30:52 Trade_decision:0
2024-04-30 11:30:52 
2024-04-30 11:30:52 
2024-04-30 11:30:52 get_trade_decision() pair:EUR_GBP max_rows:10
2024-04-30 11:30:52 Processed_df
                       time  volume    mid_o    mid_h    mid_l    mid_c
7 2024-04-30 15:28:00+00:00      58  0.85391  0.85395  0.85370  0.85370
8 2024-04-30 15:29:00+00:00      51  0.85370  0.85373  0.85364  0.85369
2024-04-30 11:30:52 Trade_decision:0
2024-04-30 11:30:52 
2024-04-30 11:31:53 
2024-04-30 11:31:53 get_trade_decision() pair:EUR_USD max_rows:10
2024-04-30 11:31:53 Processed_df
                       time  volume    mid_o    mid_h    mid_l    mid_c
7 2024-04-30 15:29:00+00:00      95  1.06919  1.06930  1.06898  1.06924
8 2024-04-30 15:30:00+00:00     101  1.06922  1.06924  1.06906  1.06920
2024-04-30 11:31:53 Trade_decision:0
2024-04-30 11:31:53 
2024-04-30 11:31:53 
2024-04-30 11:31:53 get_trade_decision() pair:AUD_USD max_rows:10
2024-04-30 11:31:54 Processed_df
                       time  volume    mid_o    mid_h    mid_l    mid_c
7 2024-04-30 15:29:00+00:00      65  0.64930  0.64944  0.64922  0.64944
8 2024-04-30 15:30:00+00:00      69  0.64942  0.64947  0.64934  0.64940
2024-04-30 11:31:54 Trade_decision:0
2024-04-30 11:31:54 
2024-04-30 11:31:54 
2024-04-30 11:31:54 get_trade_decision() pair:GBP_USD max_rows:10
2024-04-30 11:31:54 Processed_df
                       time  volume    mid_o    mid_h    mid_l    mid_c
7 2024-04-30 15:29:00+00:00     151  1.25241  1.25254  1.25220  1.25248
8 2024-04-30 15:30:00+00:00     103  1.25248  1.25248  1.25232  1.25233
2024-04-30 11:31:54 Trade_decision:0
2024-04-30 11:31:54 
2024-04-30 11:31:54 
2024-04-30 11:31:54 get_trade_decision() pair:USD_CAD max_rows:10
2024-04-30 11:31:54 Processed_df
                       time  volume    mid_o    mid_h    mid_l    mid_c
7 2024-04-30 15:29:00+00:00      83  1.37454  1.37472  1.37435  1.37438
8 2024-04-30 15:30:00+00:00      75  1.37438  1.37462  1.37438  1.37459
2024-04-30 11:31:54 Trade_decision:-1
2024-04-30 11:31:54 
2024-04-30 11:31:54 
2024-04-30 11:31:54 get_trade_decision() pair:USD_JPY max_rows:10
2024-04-30 11:31:54 Processed_df
                       time  volume    mid_o    mid_h    mid_l    mid_c
7 2024-04-30 15:29:00+00:00      59  157.445  157.454  157.444  157.452
8 2024-04-30 15:30:00+00:00      80  157.450  157.452  157.435  157.448
2024-04-30 11:31:54 Trade_decision:0
2024-04-30 11:31:54 
2024-04-30 11:31:54 
2024-04-30 11:31:54 get_trade_decision() pair:USD_CHF max_rows:10
2024-04-30 11:31:54 Processed_df
                       time  volume    mid_o    mid_h    mid_l    mid_c
7 2024-04-30 15:29:00+00:00      73  0.91668  0.91683  0.91666  0.91670
8 2024-04-30 15:30:00+00:00      61  0.91671  0.91674  0.91656  0.91663
2024-04-30 11:31:54 Trade_decision:0
2024-04-30 11:31:54 
2024-04-30 11:31:54 
2024-04-30 11:31:54 get_trade_decision() pair:USD_HKD max_rows:10
2024-04-30 11:31:54 Processed_df
                       time  volume    mid_o    mid_h    mid_l   mid_c
7 2024-04-30 15:29:00+00:00       3  7.82142  7.82142  7.82140  7.8214
8 2024-04-30 15:30:00+00:00      24  7.82140  7.82141  7.82134  7.8214
2024-04-30 11:31:54 Trade_decision:0
2024-04-30 11:31:54 
2024-04-30 11:31:54 
2024-04-30 11:31:54 get_trade_decision() pair:EUR_GBP max_rows:10
2024-04-30 11:31:54 Processed_df
                       time  volume    mid_o    mid_h    mid_l    mid_c
7 2024-04-30 15:29:00+00:00      51  0.85370  0.85373  0.85364  0.85369
8 2024-04-30 15:30:00+00:00      39  0.85366  0.85377  0.85364  0.85376
2024-04-30 11:31:54 Trade_decision:0
2024-04-30 11:31:54 
.85364  0.85369
8 2024-04-30 15:30:00+00:00      39  0.85366  0.85377  0.85364  0.85376
2024-04-30 11:31:54 Trade_decision:0
2024-04-30 11:31:54 
