2024-04-30 11:12:21 LogWapper init() ./logs/Trade.log
2024-04-30 11:13:24 TradeManager:place_trades() [{'pair': 'EUR_USD', 'units': 1000, 'time': '2024-04-30T11:13:23.722515-04:00'}, {'pair': 'AUD_USD', 'units': 1000, 'time': '2024-04-30T11:13:23.834763-04:00'}, {'pair': 'GBP_USD', 'units': 1000, 'time': '2024-04-30T11:13:23.946231-04:00'}]
2024-04-30 11:13:24 TradeManager:close_trades() pairs_to_close:['EUR_USD', 'AUD_USD', 'GBP_USD'] 
2024-04-30 11:13:24 TradeManager:close_trades() open_trades:[{'unrealizedPL': -1.3839, 'currentUnits': 1000, 'trade_id': 143, 'openTime': datetime.datetime(2024, 4, 30, 11, 19, 12, 670999, tzinfo=tzutc()), 'instrument': 'EUR_GBP'}, {'unrealizedPL': -0.0064, 'currentUnits': 1000, 'trade_id': 139, 'openTime': datetime.datetime(2024, 4, 30, 11, 18, 8, 207937, tzinfo=tzutc()), 'instrument': 'USD_HKD'}, {'unrealizedPL': -7.4704, 'currentUnits': -1000, 'trade_id': 31, 'openTime': datetime.datetime(2024, 4, 30, 9, 41, 11, 417676, tzinfo=tzutc()), 'instrument': 'USD_CHF'}] 
2024-04-30 11:13:24 TradeManager:close_trades() ids_to_close:[] 
2024-04-30 11:13:24 TradeManager:Opened {'Id': 155, 'wanted_price': 1.06906, 'actual_price': 1.06906, 'wanted_time': '2024-04-30T11:13:23.722515-04:00', 'actual_time': '2024-04-30T15:13:24.609895187Z', 'status': True, 'pair': 'EUR_USD', 'units': 1000}
2024-04-30 11:13:24 TradeManager:Opened {'Id': 157, 'wanted_price': 0.64932, 'actual_price': 0.64932, 'wanted_time': '2024-04-30T11:13:23.834763-04:00', 'actual_time': '2024-04-30T15:13:24.674772461Z', 'status': True, 'pair': 'AUD_USD', 'units': 1000}
2024-04-30 11:13:24 TradeManager:Opened {'Id': 159, 'wanted_price': 1.25191, 'actual_price': 1.25191, 'wanted_time': '2024-04-30T11:13:23.946231-04:00', 'actual_time': '2024-04-30T15:13:24.744711168Z', 'status': True, 'pair': 'GBP_USD', 'units': 1000}
2024-04-30 11:14:26 TradeManager:place_trades() [{'pair': 'AUD_USD', 'units': 1000, 'time': '2024-04-30T11:14:25.772174-04:00'}, {'pair': 'GBP_USD', 'units': -1000, 'time': '2024-04-30T11:14:25.874546-04:00'}, {'pair': 'EUR_GBP', 'units': 1000, 'time': '2024-04-30T11:14:26.358453-04:00'}]
2024-04-30 11:14:26 TradeManager:close_trades() pairs_to_close:['AUD_USD', 'GBP_USD', 'EUR_GBP'] 
2024-04-30 11:14:26 TradeManager:close_trades() open_trades:[{'unrealizedPL': -0.07, 'currentUnits': 1000, 'trade_id': 159, 'openTime': datetime.datetime(2024, 4, 30, 15, 13, 24, 744711, tzinfo=tzutc()), 'instrument': 'GBP_USD'}, {'unrealizedPL': -0.12, 'currentUnits': 1000, 'trade_id': 157, 'openTime': datetime.datetime(2024, 4, 30, 15, 13, 24, 674772, tzinfo=tzutc()), 'instrument': 'AUD_USD'}, {'unrealizedPL': -0.09, 'currentUnits': 1000, 'trade_id': 155, 'openTime': datetime.datetime(2024, 4, 30, 15, 13, 24, 609895, tzinfo=tzutc()), 'instrument': 'EUR_USD'}, {'unrealizedPL': -1.4343, 'currentUnits': 1000, 'trade_id': 143, 'openTime': datetime.datetime(2024, 4, 30, 11, 19, 12, 670999, tzinfo=tzutc()), 'instrument': 'EUR_GBP'}, {'unrealizedPL': -0.0064, 'currentUnits': 1000, 'trade_id': 139, 'openTime': datetime.datetime(2024, 4, 30, 11, 18, 8, 207937, tzinfo=tzutc()), 'instrument': 'USD_HKD'}, {'unrealizedPL': -7.416, 'currentUnits': -1000, 'trade_id': 31, 'openTime': datetime.datetime(2024, 4, 30, 9, 41, 11, 417676, tzinfo=tzutc()), 'instrument': 'USD_CHF'}] 
2024-04-30 11:14:26 TradeManager:close_trades() ids_to_close:[159, 157, 143] 
2024-04-30 11:14:26 TradeManager:close_trades() Closed
2024-04-30 11:14:26 TradeManager:close_trades() Closed
2024-04-30 11:14:26 TradeManager:close_trades() Closed
2024-04-30 11:14:26 TradeManager:Opened {'Id': 167, 'wanted_price': 0.64933, 'actual_price': 0.64933, 'wanted_time': '2024-04-30T11:14:25.772174-04:00', 'actual_time': '2024-04-30T15:14:26.729022164Z', 'status': True, 'pair': 'AUD_USD', 'units': 1000}
2024-04-30 11:14:26 TradeManager:Opened {'Id': 169, 'wanted_price': 1.25184, 'actual_price': 1.25184, 'wanted_time': '2024-04-30T11:14:25.874546-04:00', 'actual_time': '2024-04-30T15:14:26.792138422Z', 'status': True, 'pair': 'GBP_USD', 'units': -1000}
2024-04-30 11:14:26 TradeManager:Opened {'Id': 171, 'wanted_price': 0.85397, 'actual_price': 0.85397, 'wanted_time': '2024-04-30T11:14:26.358453-04:00', 'actual_time': '2024-04-30T15:14:26.864327369Z', 'status': True, 'pair': 'EUR_GBP', 'units': 1000}
2024-04-30 11:15:28 TradeManager:place_trades() [{'pair': 'EUR_USD', 'units': -1000, 'time': '2024-04-30T11:15:27.615999-04:00'}, {'pair': 'USD_HKD', 'units': -1000, 'time': '2024-04-30T11:15:28.062656-04:00'}, {'pair': 'EUR_GBP', 'units': 1000, 'time': '2024-04-30T11:15:28.141781-04:00'}]
2024-04-30 11:15:28 TradeManager:close_trades() pairs_to_close:['EUR_USD', 'USD_HKD', 'EUR_GBP'] 
2024-04-30 11:15:28 TradeManager:close_trades() open_trades:[{'unrealizedPL': -0.2643, 'currentUnits': 1000, 'trade_id': 171, 'openTime': datetime.datetime(2024, 4, 30, 15, 14, 26, 864327, tzinfo=tzutc()), 'instrument': 'EUR_GBP'}, {'unrealizedPL': -0.4, 'currentUnits': -1000, 'trade_id': 169, 'openTime': datetime.datetime(2024, 4, 30, 15, 14, 26, 792138, tzinfo=tzutc()), 'instrument': 'GBP_USD'}, {'unrealizedPL': -0.13, 'currentUnits': 1000, 'trade_id': 167, 'openTime': datetime.datetime(2024, 4, 30, 15, 14, 26, 729022, tzinfo=tzutc()), 'instrument': 'AUD_USD'}, {'unrealizedPL': 0.0, 'currentUnits': 1000, 'trade_id': 155, 'openTime': datetime.datetime(2024, 4, 30, 15, 13, 24, 609895, tzinfo=tzutc()), 'instrument': 'EUR_USD'}, {'unrealizedPL': 0.0178, 'currentUnits': 1000, 'trade_id': 139, 'openTime': datetime.datetime(2024, 4, 30, 11, 18, 8, 207937, tzinfo=tzutc()), 'instrument': 'USD_HKD'}, {'unrealizedPL': -7.2638, 'currentUnits': -1000, 'trade_id': 31, 'openTime': datetime.datetime(2024, 4, 30, 9, 41, 11, 417676, tzinfo=tzutc()), 'instrument': 'USD_CHF'}] 
2024-04-30 11:15:28 TradeManager:close_trades() ids_to_close:[171, 155, 139] 
2024-04-30 11:15:28 TradeManager:close_trades() Closed
2024-04-30 11:15:28 TradeManager:close_trades() Closed
2024-04-30 11:15:28 TradeManager:close_trades() Closed
2024-04-30 11:15:28 TradeManager:Opened {'Id': 179, 'wanted_price': 1.06906, 'actual_price': 1.06906, 'wanted_time': '2024-04-30T11:15:27.615999-04:00', 'actual_time': '2024-04-30T15:15:28.472121800Z', 'status': True, 'pair': 'EUR_USD', 'units': -1000}
2024-04-30 11:15:28 TradeManager:Opened {'Id': 181, 'wanted_price': 7.82097, 'actual_price': 7.82097, 'wanted_time': '2024-04-30T11:15:28.062656-04:00', 'actual_time': '2024-04-30T15:15:28.537851090Z', 'status': True, 'pair': 'USD_HKD', 'units': -1000}
2024-04-30 11:15:28 TradeManager:Opened {'Id': 183, 'wanted_price': 0.85386, 'actual_price': 0.85386, 'wanted_time': '2024-04-30T11:15:28.141781-04:00', 'actual_time': '2024-04-30T15:15:28.597471846Z', 'status': True, 'pair': 'EUR_GBP', 'units': 1000}
2024-04-30 11:16:30 TradeManager:place_trades() [{'pair': 'AUD_USD', 'units': -1000, 'time': '2024-04-30T11:16:29.454736-04:00'}, {'pair': 'EUR_GBP', 'units': 1000, 'time': '2024-04-30T11:16:30.037383-04:00'}]
2024-04-30 11:16:30 TradeManager:close_trades() pairs_to_close:['AUD_USD', 'EUR_GBP'] 
2024-04-30 11:16:30 TradeManager:close_trades() open_trades:[{'unrealizedPL': -0.2014, 'currentUnits': 1000, 'trade_id': 183, 'openTime': datetime.datetime(2024, 4, 30, 15, 15, 28, 597471, tzinfo=tzutc()), 'instrument': 'EUR_GBP'}, {'unrealizedPL': -0.0604, 'currentUnits': -1000, 'trade_id': 181, 'openTime': datetime.datetime(2024, 4, 30, 15, 15, 28, 537851, tzinfo=tzutc()), 'instrument': 'USD_HKD'}, {'unrealizedPL': -0.28, 'currentUnits': -1000, 'trade_id': 179, 'openTime': datetime.datetime(2024, 4, 30, 15, 15, 28, 472121, tzinfo=tzutc()), 'instrument': 'EUR_USD'}, {'unrealizedPL': -0.65, 'currentUnits': -1000, 'trade_id': 169, 'openTime': datetime.datetime(2024, 4, 30, 15, 14, 26, 792138, tzinfo=tzutc()), 'instrument': 'GBP_USD'}, {'unrealizedPL': 0.12, 'currentUnits': 1000, 'trade_id': 167, 'openTime': datetime.datetime(2024, 4, 30, 15, 14, 26, 729022, tzinfo=tzutc()), 'instrument': 'AUD_USD'}, {'unrealizedPL': -6.8504, 'currentUnits': -1000, 'trade_id': 31, 'openTime': datetime.datetime(2024, 4, 30, 9, 41, 11, 417676, tzinfo=tzutc()), 'instrument': 'USD_CHF'}] 
2024-04-30 11:16:30 TradeManager:close_trades() ids_to_close:[183, 167] 
2024-04-30 11:16:30 TradeManager:close_trades() Closed
2024-04-30 11:16:30 TradeManager:close_trades() Closed
2024-04-30 11:16:30 TradeManager:Opened {'Id': 189, 'wanted_price': 0.64945, 'actual_price': 0.64945, 'wanted_time': '2024-04-30T11:16:29.454736-04:00', 'actual_time': '2024-04-30T15:16:30.374594074Z', 'status': True, 'pair': 'AUD_USD', 'units': -1000}
2024-04-30 11:16:30 TradeManager:Opened {'Id': 191, 'wanted_price': 0.85383, 'actual_price': 0.85383, 'wanted_time': '2024-04-30T11:16:30.037383-04:00', 'actual_time': '2024-04-30T15:16:30.438461013Z', 'status': True, 'pair': 'EUR_GBP', 'units': 1000}
2024-04-30 11:17:31 TradeManager:place_trades() [{'pair': 'USD_CAD', 'units': 1000, 'time': '2024-04-30T11:17:31.355252-04:00'}]
2024-04-30 11:17:31 TradeManager:close_trades() pairs_to_close:['USD_CAD'] 
2024-04-30 11:17:31 TradeManager:close_trades() open_trades:[{'unrealizedPL': -0.1762, 'currentUnits': 1000, 'trade_id': 191, 'openTime': datetime.datetime(2024, 4, 30, 15, 16, 30, 438461, tzinfo=tzutc()), 'instrument': 'EUR_GBP'}, {'unrealizedPL': -0.09, 'currentUnits': -1000, 'trade_id': 189, 'openTime': datetime.datetime(2024, 4, 30, 15, 16, 30, 374594, tzinfo=tzutc()), 'instrument': 'AUD_USD'}, {'unrealizedPL': -0.0501, 'currentUnits': -1000, 'trade_id': 181, 'openTime': datetime.datetime(2024, 4, 30, 15, 15, 28, 537851, tzinfo=tzutc()), 'instrument': 'USD_HKD'}, {'unrealizedPL': -0.1, 'currentUnits': -1000, 'trade_id': 179, 'openTime': datetime.datetime(2024, 4, 30, 15, 15, 28, 472121, tzinfo=tzutc()), 'instrument': 'EUR_USD'}, {'unrealizedPL': -0.49, 'currentUnits': -1000, 'trade_id': 169, 'openTime': datetime.datetime(2024, 4, 30, 15, 14, 26, 792138, tzinfo=tzutc()), 'instrument': 'GBP_USD'}, {'unrealizedPL': -6.8721, 'currentUnits': -1000, 'trade_id': 31, 'openTime': datetime.datetime(2024, 4, 30, 9, 41, 11, 417676, tzinfo=tzutc()), 'instrument': 'USD_CHF'}] 
2024-04-30 11:17:31 TradeManager:close_trades() ids_to_close:[] 
2024-04-30 11:17:31 TradeManager:Opened {'Id': 193, 'wanted_price': 1.37432, 'actual_price': 1.37432, 'wanted_time': '2024-04-30T11:17:31.355252-04:00', 'actual_time': '2024-04-30T15:17:31.883019516Z', 'status': True, 'pair': 'USD_CAD', 'units': 1000}
2024-04-30 11:18:33 TradeManager:place_trades() [{'pair': 'EUR_GBP', 'units': -1000, 'time': '2024-04-30T11:18:33.226005-04:00'}]
2024-04-30 11:18:33 TradeManager:close_trades() pairs_to_close:['EUR_GBP'] 
2024-04-30 11:18:33 TradeManager:close_trades() open_trades:[{'unrealizedPL': 0.0072, 'currentUnits': 1000, 'trade_id': 193, 'openTime': datetime.datetime(2024, 4, 30, 15, 17, 31, 883019, tzinfo=tzutc()), 'instrument': 'USD_CAD'}, {'unrealizedPL': -0.1636, 'currentUnits': 1000, 'trade_id': 191, 'openTime': datetime.datetime(2024, 4, 30, 15, 16, 30, 438461, tzinfo=tzutc()), 'instrument': 'EUR_GBP'}, {'unrealizedPL': 0.02, 'currentUnits': -1000, 'trade_id': 189, 'openTime': datetime.datetime(2024, 4, 30, 15, 16, 30, 374594, tzinfo=tzutc()), 'instrument': 'AUD_USD'}, {'unrealizedPL': -0.0398, 'currentUnits': -1000, 'trade_id': 181, 'openTime': datetime.datetime(2024, 4, 30, 15, 15, 28, 537851, tzinfo=tzutc()), 'instrument': 'USD_HKD'}, {'unrealizedPL': -0.15, 'currentUnits': -1000, 'trade_id': 179, 'openTime': datetime.datetime(2024, 4, 30, 15, 15, 28, 472121, tzinfo=tzutc()), 'instrument': 'EUR_USD'}, {'unrealizedPL': -0.52, 'currentUnits': -1000, 'trade_id': 169, 'openTime': datetime.datetime(2024, 4, 30, 15, 14, 26, 792138, tzinfo=tzutc()), 'instrument': 'GBP_USD'}, {'unrealizedPL': -6.8068, 'currentUnits': -1000, 'trade_id': 31, 'openTime': datetime.datetime(2024, 4, 30, 9, 41, 11, 417676, tzinfo=tzutc()), 'instrument': 'USD_CHF'}] 
2024-04-30 11:18:33 TradeManager:close_trades() ids_to_close:[191] 
2024-04-30 11:18:33 TradeManager:close_trades() Closed
2024-04-30 11:18:33 TradeManager:Opened {'Id': 197, 'wanted_price': 0.8537, 'actual_price': 0.8537, 'wanted_time': '2024-04-30T11:18:33.226005-04:00', 'actual_time': '2024-04-30T15:18:33.442697611Z', 'status': True, 'pair': 'EUR_GBP', 'units': -1000}
2024-04-30 11:19:34 TradeManager:place_trades() [{'pair': 'USD_CAD', 'units': -1000, 'time': '2024-04-30T11:19:34.455856-04:00'}]
2024-04-30 11:19:34 TradeManager:close_trades() pairs_to_close:['USD_CAD'] 
2024-04-30 11:19:34 TradeManager:close_trades() open_trades:[{'unrealizedPL': -0.3398, 'currentUnits': -1000, 'trade_id': 197, 'openTime': datetime.datetime(2024, 4, 30, 15, 18, 33, 442697, tzinfo=tzutc()), 'instrument': 'EUR_GBP'}, {'unrealizedPL': 0.1303, 'currentUnits': 1000, 'trade_id': 193, 'openTime': datetime.datetime(2024, 4, 30, 15, 17, 31, 883019, tzinfo=tzutc()), 'instrument': 'USD_CAD'}, {'unrealizedPL': 0.09, 'currentUnits': -1000, 'trade_id': 189, 'openTime': datetime.datetime(2024, 4, 30, 15, 16, 30, 374594, tzinfo=tzutc()), 'instrument': 'AUD_USD'}, {'unrealizedPL': -0.0578, 'currentUnits': -1000, 'trade_id': 181, 'openTime': datetime.datetime(2024, 4, 30, 15, 15, 28, 537851, tzinfo=tzutc()), 'instrument': 'USD_HKD'}, {'unrealizedPL': -0.2, 'currentUnits': -1000, 'trade_id': 179, 'openTime': datetime.datetime(2024, 4, 30, 15, 15, 28, 472121, tzinfo=tzutc()), 'instrument': 'EUR_USD'}, {'unrealizedPL': -0.39, 'currentUnits': -1000, 'trade_id': 169, 'openTime': datetime.datetime(2024, 4, 30, 15, 14, 26, 792138, tzinfo=tzutc()), 'instrument': 'GBP_USD'}, {'unrealizedPL': -6.698, 'currentUnits': -1000, 'trade_id': 31, 'openTime': datetime.datetime(2024, 4, 30, 9, 41, 11, 417676, tzinfo=tzutc()), 'instrument': 'USD_CHF'}] 
2024-04-30 11:19:34 TradeManager:close_trades() ids_to_close:[193] 
2024-04-30 11:19:34 TradeManager:close_trades() Closed
2024-04-30 11:19:35 TradeManager:Opened {'Id': 201, 'wanted_price': 1.3745, 'actual_price': 1.3745, 'wanted_time': '2024-04-30T11:19:34.455856-04:00', 'actual_time': '2024-04-30T15:19:35.010680298Z', 'status': True, 'pair': 'USD_CAD', 'units': -1000}
2024-04-30 11:22:39 TradeManager:place_trades() [{'pair': 'GBP_USD', 'units': 1000, 'time': '2024-04-30T11:22:38.818207-04:00'}]
2024-04-30 11:22:39 TradeManager:close_trades() pairs_to_close:['GBP_USD'] 
2024-04-30 11:22:39 TradeManager:close_trades() open_trades:[{'unrealizedPL': -0.2047, 'currentUnits': -1000, 'trade_id': 201, 'openTime': datetime.datetime(2024, 4, 30, 15, 19, 35, 10680, tzinfo=tzutc()), 'instrument': 'USD_CAD'}, {'unrealizedPL': -0.453, 'currentUnits': -1000, 'trade_id': 197, 'openTime': datetime.datetime(2024, 4, 30, 15, 18, 33, 442697, tzinfo=tzutc()), 'instrument': 'EUR_GBP'}, {'unrealizedPL': 0.21, 'currentUnits': -1000, 'trade_id': 189, 'openTime': datetime.datetime(2024, 4, 30, 15, 16, 30, 374594, tzinfo=tzutc()), 'instrument': 'AUD_USD'}, {'unrealizedPL': -0.0925, 'currentUnits': -1000, 'trade_id': 181, 'openTime': datetime.datetime(2024, 4, 30, 15, 15, 28, 537851, tzinfo=tzutc()), 'instrument': 'USD_HKD'}, {'unrealizedPL': -0.16, 'currentUnits': -1000, 'trade_id': 179, 'openTime': datetime.datetime(2024, 4, 30, 15, 15, 28, 472121, tzinfo=tzutc()), 'instrument': 'EUR_USD'}, {'unrealizedPL': -0.18, 'currentUnits': -1000, 'trade_id': 169, 'openTime': datetime.datetime(2024, 4, 30, 15, 14, 26, 792138, tzinfo=tzutc()), 'instrument': 'GBP_USD'}, {'unrealizedPL': -6.5563, 'currentUnits': -1000, 'trade_id': 31, 'openTime': datetime.datetime(2024, 4, 30, 9, 41, 11, 417676, tzinfo=tzutc()), 'instrument': 'USD_CHF'}] 
2024-04-30 11:22:39 TradeManager:close_trades() ids_to_close:[169] 
2024-04-30 11:22:39 TradeManager:close_trades() Closed
2024-04-30 11:22:39 TradeManager:Opened {'Id': 205, 'wanted_price': 1.25202, 'actual_price': 1.25202, 'wanted_time': '2024-04-30T11:22:38.818207-04:00', 'actual_time': '2024-04-30T15:22:39.710579400Z', 'status': True, 'pair': 'GBP_USD', 'units': 1000}
2024-04-30 11:24:42 TradeManager:place_trades() [{'pair': 'EUR_USD', 'units': 1000, 'time': '2024-04-30T11:24:41.846529-04:00'}, {'pair': 'AUD_USD', 'units': 1000, 'time': '2024-04-30T11:24:41.933427-04:00'}, {'pair': 'GBP_USD', 'units': -1000, 'time': '2024-04-30T11:24:42.017012-04:00'}, {'pair': 'EUR_GBP', 'units': 1000, 'time': '2024-04-30T11:24:42.485670-04:00'}]
2024-04-30 11:24:42 TradeManager:close_trades() pairs_to_close:['EUR_USD', 'AUD_USD', 'GBP_USD', 'EUR_GBP'] 
2024-04-30 11:24:42 TradeManager:close_trades() open_trades:[{'unrealizedPL': 0.17, 'currentUnits': 1000, 'trade_id': 205, 'openTime': datetime.datetime(2024, 4, 30, 15, 22, 39, 710579, tzinfo=tzutc()), 'instrument': 'GBP_USD'}, {'unrealizedPL': -0.1974, 'currentUnits': -1000, 'trade_id': 201, 'openTime': datetime.datetime(2024, 4, 30, 15, 19, 35, 10680, tzinfo=tzutc()), 'instrument': 'USD_CAD'}, {'unrealizedPL': -0.214, 'currentUnits': -1000, 'trade_id': 197, 'openTime': datetime.datetime(2024, 4, 30, 15, 18, 33, 442697, tzinfo=tzutc()), 'instrument': 'EUR_GBP'}, {'unrealizedPL': 0.18, 'currentUnits': -1000, 'trade_id': 189, 'openTime': datetime.datetime(2024, 4, 30, 15, 16, 30, 374594, tzinfo=tzutc()), 'instrument': 'AUD_USD'}, {'unrealizedPL': -0.0514, 'currentUnits': -1000, 'trade_id': 181, 'openTime': datetime.datetime(2024, 4, 30, 15, 15, 28, 537851, tzinfo=tzutc()), 'instrument': 'USD_HKD'}, {'unrealizedPL': -0.2, 'currentUnits': -1000, 'trade_id': 179, 'openTime': datetime.datetime(2024, 4, 30, 15, 15, 28, 472121, tzinfo=tzutc()), 'instrument': 'EUR_USD'}, {'unrealizedPL': -6.3493, 'currentUnits': -1000, 'trade_id': 31, 'openTime': datetime.datetime(2024, 4, 30, 9, 41, 11, 417676, tzinfo=tzutc()), 'instrument': 'USD_CHF'}] 
2024-04-30 11:24:42 TradeManager:close_trades() ids_to_close:[205, 197, 189, 179] 
2024-04-30 11:24:42 TradeManager:close_trades() Closed
2024-04-30 11:24:42 TradeManager:close_trades() Closed
2024-04-30 11:24:42 TradeManager:close_trades() Closed
2024-04-30 11:24:42 TradeManager:close_trades() Closed
2024-04-30 11:24:42 TradeManager:Opened {'Id': 215, 'wanted_price': 1.06926, 'actual_price': 1.06926, 'wanted_time': '2024-04-30T11:24:41.846529-04:00', 'actual_time': '2024-04-30T15:24:42.914623345Z', 'status': True, 'pair': 'EUR_USD', 'units': 1000}
2024-04-30 11:24:42 TradeManager:Opened {'Id': 217, 'wanted_price': 0.64927, 'actual_price': 0.64927, 'wanted_time': '2024-04-30T11:24:41.933427-04:00', 'actual_time': '2024-04-30T15:24:42.977958449Z', 'status': True, 'pair': 'AUD_USD', 'units': 1000}
2024-04-30 11:24:43 TradeManager:Opened {'Id': 219, 'wanted_price': 1.25219, 'actual_price': 1.25219, 'wanted_time': '2024-04-30T11:24:42.017012-04:00', 'actual_time': '2024-04-30T15:24:43.050305423Z', 'status': True, 'pair': 'GBP_USD', 'units': -1000}
2024-04-30 11:24:43 TradeManager:Opened {'Id': 221, 'wanted_price': 0.85386, 'actual_price': 0.85386, 'wanted_time': '2024-04-30T11:24:42.485670-04:00', 'actual_time': '2024-04-30T15:24:43.124701883Z', 'status': True, 'pair': 'EUR_GBP', 'units': 1000}
2024-04-30 11:25:44 TradeManager:place_trades() [{'pair': 'EUR_USD', 'units': -1000, 'time': '2024-04-30T11:25:43.873539-04:00'}, {'pair': 'AUD_USD', 'units': -1000, 'time': '2024-04-30T11:25:43.985750-04:00'}, {'pair': 'USD_CHF', 'units': 1000, 'time': '2024-04-30T11:25:44.369988-04:00'}]
2024-04-30 11:25:44 TradeManager:close_trades() pairs_to_close:['EUR_USD', 'AUD_USD', 'USD_CHF'] 
2024-04-30 11:25:44 TradeManager:close_trades() open_trades:[{'unrealizedPL': -0.2392, 'currentUnits': 1000, 'trade_id': 221, 'openTime': datetime.datetime(2024, 4, 30, 15, 24, 43, 124701, tzinfo=tzutc()), 'instrument': 'EUR_GBP'}, {'unrealizedPL': -0.42, 'currentUnits': -1000, 'trade_id': 219, 'openTime': datetime.datetime(2024, 4, 30, 15, 24, 43, 50305, tzinfo=tzutc()), 'instrument': 'GBP_USD'}, {'unrealizedPL': -0.01, 'currentUnits': 1000, 'trade_id': 217, 'openTime': datetime.datetime(2024, 4, 30, 15, 24, 42, 977958, tzinfo=tzutc()), 'instrument': 'AUD_USD'}, {'unrealizedPL': -0.01, 'currentUnits': 1000, 'trade_id': 215, 'openTime': datetime.datetime(2024, 4, 30, 15, 24, 42, 914623, tzinfo=tzutc()), 'instrument': 'EUR_USD'}, {'unrealizedPL': -0.095, 'currentUnits': -1000, 'trade_id': 201, 'openTime': datetime.datetime(2024, 4, 30, 15, 19, 35, 10680, tzinfo=tzutc()), 'instrument': 'USD_CAD'}, {'unrealizedPL': -0.063, 'currentUnits': -1000, 'trade_id': 181, 'openTime': datetime.datetime(2024, 4, 30, 15, 15, 28, 537851, tzinfo=tzutc()), 'instrument': 'USD_HKD'}, {'unrealizedPL': -6.5237, 'currentUnits': -1000, 'trade_id': 31, 'openTime': datetime.datetime(2024, 4, 30, 9, 41, 11, 417676, tzinfo=tzutc()), 'instrument': 'USD_CHF'}] 
2024-04-30 11:25:44 TradeManager:close_trades() ids_to_close:[217, 215, 31] 
2024-04-30 11:25:44 TradeManager:close_trades() Closed
2024-04-30 11:25:44 TradeManager:close_trades() Closed
2024-04-30 11:25:44 TradeManager:close_trades() Closed
2024-04-30 11:25:44 TradeManager:Opened {'Id': 229, 'wanted_price': 1.06925, 'actual_price': 1.06925, 'wanted_time': '2024-04-30T11:25:43.873539-04:00', 'actual_time': '2024-04-30T15:25:44.888552837Z', 'status': True, 'pair': 'EUR_USD', 'units': -1000}
2024-04-30 11:25:44 TradeManager:Opened {'Id': 231, 'wanted_price': 0.64926, 'actual_price': 0.64926, 'wanted_time': '2024-04-30T11:25:43.985750-04:00', 'actual_time': '2024-04-30T15:25:44.965776994Z', 'status': True, 'pair': 'AUD_USD', 'units': -1000}
2024-04-30 11:25:45 TradeManager:Opened {'Id': 233, 'wanted_price': 0.91667, 'actual_price': 0.91667, 'wanted_time': '2024-04-30T11:25:44.369988-04:00', 'actual_time': '2024-04-30T15:25:45.029874568Z', 'status': True, 'pair': 'USD_CHF', 'units': 1000}
2024-04-30 11:26:46 TradeManager:place_trades() [{'pair': 'USD_CHF', 'units': -1000, 'time': '2024-04-30T11:26:46.151748-04:00'}, {'pair': 'EUR_GBP', 'units': -1000, 'time': '2024-04-30T11:26:46.311697-04:00'}]
2024-04-30 11:26:46 TradeManager:close_trades() pairs_to_close:['USD_CHF', 'EUR_GBP'] 
2024-04-30 11:26:46 TradeManager:close_trades() open_trades:[{'unrealizedPL': -0.3509, 'currentUnits': 1000, 'trade_id': 233, 'openTime': datetime.datetime(2024, 4, 30, 15, 25, 45, 29874, tzinfo=tzutc()), 'instrument': 'USD_CHF'}, {'unrealizedPL': -0.07, 'currentUnits': -1000, 'trade_id': 231, 'openTime': datetime.datetime(2024, 4, 30, 15, 25, 44, 965776, tzinfo=tzutc()), 'instrument': 'AUD_USD'}, {'unrealizedPL': -0.12, 'currentUnits': -1000, 'trade_id': 229, 'openTime': datetime.datetime(2024, 4, 30, 15, 25, 44, 888552, tzinfo=tzutc()), 'instrument': 'EUR_USD'}, {'unrealizedPL': -0.2014, 'currentUnits': 1000, 'trade_id': 221, 'openTime': datetime.datetime(2024, 4, 30, 15, 24, 43, 124701, tzinfo=tzutc()), 'instrument': 'EUR_GBP'}, {'unrealizedPL': -0.34, 'currentUnits': -1000, 'trade_id': 219, 'openTime': datetime.datetime(2024, 4, 30, 15, 24, 43, 50305, tzinfo=tzutc()), 'instrument': 'GBP_USD'}, {'unrealizedPL': -0.1097, 'currentUnits': -1000, 'trade_id': 201, 'openTime': datetime.datetime(2024, 4, 30, 15, 19, 35, 10680, tzinfo=tzutc()), 'instrument': 'USD_CAD'}, {'unrealizedPL': -0.0835, 'currentUnits': -1000, 'trade_id': 181, 'openTime': datetime.datetime(2024, 4, 30, 15, 15, 28, 537851, tzinfo=tzutc()), 'instrument': 'USD_HKD'}] 
2024-04-30 11:26:46 TradeManager:close_trades() ids_to_close:[233, 221] 
2024-04-30 11:26:46 TradeManager:close_trades() Closed
2024-04-30 11:26:46 TradeManager:close_trades() Closed
2024-04-30 11:26:46 TradeManager:Opened {'Id': 239, 'wanted_price': 0.91635, 'actual_price': 0.91635, 'wanted_time': '2024-04-30T11:26:46.151748-04:00', 'actual_time': '2024-04-30T15:26:46.586453580Z', 'status': True, 'pair': 'USD_CHF', 'units': -1000}
2024-04-30 11:26:46 TradeManager:Opened {'Id': 241, 'wanted_price': 0.8537, 'actual_price': 0.8537, 'wanted_time': '2024-04-30T11:26:46.311697-04:00', 'actual_time': '2024-04-30T15:26:46.655116877Z', 'status': True, 'pair': 'EUR_GBP', 'units': -1000}
2024-04-30 11:27:48 TradeManager:place_trades() [{'pair': 'USD_CAD', 'units': 1000, 'time': '2024-04-30T11:27:47.693550-04:00'}, {'pair': 'USD_JPY', 'units': 1000, 'time': '2024-04-30T11:27:47.782537-04:00'}]
2024-04-30 11:27:48 TradeManager:close_trades() pairs_to_close:['USD_CAD', 'USD_JPY'] 
2024-04-30 11:27:48 TradeManager:close_trades() open_trades:[{'unrealizedPL': -0.2895, 'currentUnits': -1000, 'trade_id': 241, 'openTime': datetime.datetime(2024, 4, 30, 15, 26, 46, 655116, tzinfo=tzutc()), 'instrument': 'EUR_GBP'}, {'unrealizedPL': -0.1426, 'currentUnits': -1000, 'trade_id': 239, 'openTime': datetime.datetime(2024, 4, 30, 15, 26, 46, 586453, tzinfo=tzutc()), 'instrument': 'USD_CHF'}, {'unrealizedPL': -0.03, 'currentUnits': -1000, 'trade_id': 231, 'openTime': datetime.datetime(2024, 4, 30, 15, 25, 44, 965776, tzinfo=tzutc()), 'instrument': 'AUD_USD'}, {'unrealizedPL': -0.1, 'currentUnits': -1000, 'trade_id': 229, 'openTime': datetime.datetime(2024, 4, 30, 15, 25, 44, 888552, tzinfo=tzutc()), 'instrument': 'EUR_USD'}, {'unrealizedPL': -0.16, 'currentUnits': -1000, 'trade_id': 219, 'openTime': datetime.datetime(2024, 4, 30, 15, 24, 43, 50305, tzinfo=tzutc()), 'instrument': 'GBP_USD'}, {'unrealizedPL': -0.1316, 'currentUnits': -1000, 'trade_id': 201, 'openTime': datetime.datetime(2024, 4, 30, 15, 19, 35, 10680, tzinfo=tzutc()), 'instrument': 'USD_CAD'}, {'unrealizedPL': -0.0887, 'currentUnits': -1000, 'trade_id': 181, 'openTime': datetime.datetime(2024, 4, 30, 15, 15, 28, 537851, tzinfo=tzutc()), 'instrument': 'USD_HKD'}] 
2024-04-30 11:27:48 TradeManager:close_trades() ids_to_close:[201] 
2024-04-30 11:27:48 TradeManager:close_trades() Closed
2024-04-30 11:27:48 TradeManager:Opened {'Id': 245, 'wanted_price': 1.37468, 'actual_price': 1.37468, 'wanted_time': '2024-04-30T11:27:47.693550-04:00', 'actual_time': '2024-04-30T15:27:48.258453584Z', 'status': True, 'pair': 'USD_CAD', 'units': 1000}
2024-04-30 11:27:48 TradeManager:Opened {'Id': 247, 'wanted_price': 157.436, 'actual_price': 157.436, 'wanted_time': '2024-04-30T11:27:47.782537-04:00', 'actual_time': '2024-04-30T15:27:48.318495884Z', 'status': True, 'pair': 'USD_JPY', 'units': 1000}
2024-04-30 11:28:49 TradeManager:place_trades() [{'pair': 'USD_CAD', 'units': -1000, 'time': '2024-04-30T11:28:49.389014-04:00'}, {'pair': 'USD_JPY', 'units': -1000, 'time': '2024-04-30T11:28:49.482873-04:00'}]
2024-04-30 11:28:49 TradeManager:close_trades() pairs_to_close:['USD_CAD', 'USD_JPY'] 
2024-04-30 11:28:49 TradeManager:close_trades() open_trades:[{'unrealizedPL': 0.1011, 'currentUnits': 1000, 'trade_id': 247, 'openTime': datetime.datetime(2024, 4, 30, 15, 27, 48, 318495, tzinfo=tzutc()), 'instrument': 'USD_JPY'}, {'unrealizedPL': -0.1609, 'currentUnits': 1000, 'trade_id': 245, 'openTime': datetime.datetime(2024, 4, 30, 15, 27, 48, 258453, tzinfo=tzutc()), 'instrument': 'USD_CAD'}, {'unrealizedPL': -0.2266, 'currentUnits': -1000, 'trade_id': 241, 'openTime': datetime.datetime(2024, 4, 30, 15, 26, 46, 655116, tzinfo=tzutc()), 'instrument': 'EUR_GBP'}, {'unrealizedPL': -0.4276, 'currentUnits': -1000, 'trade_id': 239, 'openTime': datetime.datetime(2024, 4, 30, 15, 26, 46, 586453, tzinfo=tzutc()), 'instrument': 'USD_CHF'}, {'unrealizedPL': -0.09, 'currentUnits': -1000, 'trade_id': 231, 'openTime': datetime.datetime(2024, 4, 30, 15, 25, 44, 965776, tzinfo=tzutc()), 'instrument': 'AUD_USD'}, {'unrealizedPL': -0.08, 'currentUnits': -1000, 'trade_id': 229, 'openTime': datetime.datetime(2024, 4, 30, 15, 25, 44, 888552, tzinfo=tzutc()), 'instrument': 'EUR_USD'}, {'unrealizedPL': -0.26, 'currentUnits': -1000, 'trade_id': 219, 'openTime': datetime.datetime(2024, 4, 30, 15, 24, 43, 50305, tzinfo=tzutc()), 'instrument': 'GBP_USD'}, {'unrealizedPL': -0.0925, 'currentUnits': -1000, 'trade_id': 181, 'openTime': datetime.datetime(2024, 4, 30, 15, 15, 28, 537851, tzinfo=tzutc()), 'instrument': 'USD_HKD'}] 
2024-04-30 11:28:49 TradeManager:close_trades() ids_to_close:[247, 245] 
2024-04-30 11:28:49 TradeManager:close_trades() Closed
2024-04-30 11:28:49 TradeManager:close_trades() Closed
2024-04-30 11:28:50 TradeManager:Opened {'Id': 253, 'wanted_price': 1.37446, 'actual_price': 1.37446, 'wanted_time': '2024-04-30T11:28:49.389014-04:00', 'actual_time': '2024-04-30T15:28:50.047370880Z', 'status': True, 'pair': 'USD_CAD', 'units': -1000}
2024-04-30 11:28:50 TradeManager:Opened {'Id': 255, 'wanted_price': 157.452, 'actual_price': 157.452, 'wanted_time': '2024-04-30T11:28:49.482873-04:00', 'actual_time': '2024-04-30T15:28:50.109363341Z', 'status': True, 'pair': 'USD_JPY', 'units': -1000}
2024-04-30 11:30:52 TradeManager:place_trades() [{'pair': 'USD_CAD', 'units': 1000, 'time': '2024-04-30T11:30:52.587508-04:00'}]
2024-04-30 11:30:53 TradeManager:close_trades() pairs_to_close:['USD_CAD'] 
2024-04-30 11:30:53 TradeManager:close_trades() open_trades:[{'unrealizedPL': -0.0255, 'currentUnits': -1000, 'trade_id': 255, 'openTime': datetime.datetime(2024, 4, 30, 15, 28, 50, 109363, tzinfo=tzutc()), 'instrument': 'USD_JPY'}, {'unrealizedPL': -0.1608, 'currentUnits': -1000, 'trade_id': 253, 'openTime': datetime.datetime(2024, 4, 30, 15, 28, 50, 47370, tzinfo=tzutc()), 'instrument': 'USD_CAD'}, {'unrealizedPL': -0.1636, 'currentUnits': -1000, 'trade_id': 241, 'openTime': datetime.datetime(2024, 4, 30, 15, 26, 46, 655116, tzinfo=tzutc()), 'instrument': 'EUR_GBP'}, {'unrealizedPL': -0.4714, 'currentUnits': -1000, 'trade_id': 239, 'openTime': datetime.datetime(2024, 4, 30, 15, 26, 46, 586453, tzinfo=tzutc()), 'instrument': 'USD_CHF'}, {'unrealizedPL': -0.18, 'currentUnits': -1000, 'trade_id': 231, 'openTime': datetime.datetime(2024, 4, 30, 15, 25, 44, 965776, tzinfo=tzutc()), 'instrument': 'AUD_USD'}, {'unrealizedPL': 0.0, 'currentUnits': -1000, 'trade_id': 229, 'openTime': datetime.datetime(2024, 4, 30, 15, 25, 44, 888552, tzinfo=tzutc()), 'instrument': 'EUR_USD'}, {'unrealizedPL': -0.22, 'currentUnits': -1000, 'trade_id': 219, 'openTime': datetime.datetime(2024, 4, 30, 15, 24, 43, 50305, tzinfo=tzutc()), 'instrument': 'GBP_USD'}, {'unrealizedPL': -0.0835, 'currentUnits': -1000, 'trade_id': 181, 'openTime': datetime.datetime(2024, 4, 30, 15, 15, 28, 537851, tzinfo=tzutc()), 'instrument': 'USD_HKD'}] 
2024-04-30 11:30:53 TradeManager:close_trades() ids_to_close:[253] 
2024-04-30 11:30:53 TradeManager:close_trades() Closed
2024-04-30 11:30:53 TradeManager:Opened {'Id': 259, 'wanted_price': 1.37468, 'actual_price': 1.37468, 'wanted_time': '2024-04-30T11:30:52.587508-04:00', 'actual_time': '2024-04-30T15:30:53.174192500Z', 'status': True, 'pair': 'USD_CAD', 'units': 1000}
2024-04-30 11:31:54 TradeManager:place_trades() [{'pair': 'USD_CAD', 'units': -1000, 'time': '2024-04-30T11:31:54.209481-04:00'}]
2024-04-30 11:31:54 TradeManager:close_trades() pairs_to_close:['USD_CAD'] 
2024-04-30 11:31:54 TradeManager:close_trades() open_trades:[{'unrealizedPL': -0.1316, 'currentUnits': 1000, 'trade_id': 259, 'openTime': datetime.datetime(2024, 4, 30, 15, 30, 53, 174192, tzinfo=tzutc()), 'instrument': 'USD_CAD'}, {'unrealizedPL': -0.0383, 'currentUnits': -1000, 'trade_id': 255, 'openTime': datetime.datetime(2024, 4, 30, 15, 28, 50, 109363, tzinfo=tzutc()), 'instrument': 'USD_JPY'}, {'unrealizedPL': 0.0748, 'currentUnits': -1000, 'trade_id': 241, 'openTime': datetime.datetime(2024, 4, 30, 15, 26, 46, 655116, tzinfo=tzutc()), 'instrument': 'EUR_GBP'}, {'unrealizedPL': -0.3399, 'currentUnits': -1000, 'trade_id': 239, 'openTime': datetime.datetime(2024, 4, 30, 15, 26, 46, 586453, tzinfo=tzutc()), 'instrument': 'USD_CHF'}, {'unrealizedPL': -0.19, 'currentUnits': -1000, 'trade_id': 231, 'openTime': datetime.datetime(2024, 4, 30, 15, 25, 44, 965776, tzinfo=tzutc()), 'instrument': 'AUD_USD'}, {'unrealizedPL': 0.09, 'currentUnits': -1000, 'trade_id': 229, 'openTime': datetime.datetime(2024, 4, 30, 15, 25, 44, 888552, tzinfo=tzutc()), 'instrument': 'EUR_USD'}, {'unrealizedPL': -0.34, 'currentUnits': -1000, 'trade_id': 219, 'openTime': datetime.datetime(2024, 4, 30, 15, 24, 43, 50305, tzinfo=tzutc()), 'instrument': 'GBP_USD'}, {'unrealizedPL': -0.0835, 'currentUnits': -1000, 'trade_id': 181, 'openTime': datetime.datetime(2024, 4, 30, 15, 15, 28, 537851, tzinfo=tzutc()), 'instrument': 'USD_HKD'}] 
2024-04-30 11:31:54 TradeManager:close_trades() ids_to_close:[259] 
2024-04-30 11:31:54 TradeManager:close_trades() Closed
2024-04-30 11:31:54 TradeManager:Opened {'Id': 263, 'wanted_price': 1.3745, 'actual_price': 1.3745, 'wanted_time': '2024-04-30T11:31:54.209481-04:00', 'actual_time': '2024-04-30T15:31:54.853535244Z', 'status': True, 'pair': 'USD_CAD', 'units': -1000}
', 'status': True, 'pair': 'USD_CAD', 'units': -1000}
